Started GET "/" for 127.0.0.1 at 2018-10-22 17:15:22 +0900
  
ActiveRecord::PendingMigrationError (

Migrations are pending. To resolve this issue, run:

        bin/rails db:migrate RAILS_ENV=development

):
  
activerecord (5.2.1) lib/active_record/migration.rb:579:in `check_pending!'
activerecord (5.2.1) lib/active_record/migration.rb:556:in `call'
actionpack (5.2.1) lib/action_dispatch/middleware/callbacks.rb:28:in `block in call'
activesupport (5.2.1) lib/active_support/callbacks.rb:98:in `run_callbacks'
actionpack (5.2.1) lib/action_dispatch/middleware/callbacks.rb:26:in `call'
actionpack (5.2.1) lib/action_dispatch/middleware/executor.rb:14:in `call'
actionpack (5.2.1) lib/action_dispatch/middleware/debug_exceptions.rb:61:in `call'
web-console (3.7.0) lib/web_console/middleware.rb:135:in `call_app'
web-console (3.7.0) lib/web_console/middleware.rb:30:in `block in call'
web-console (3.7.0) lib/web_console/middleware.rb:20:in `catch'
web-console (3.7.0) lib/web_console/middleware.rb:20:in `call'
actionpack (5.2.1) lib/action_dispatch/middleware/show_exceptions.rb:33:in `call'
railties (5.2.1) lib/rails/rack/logger.rb:38:in `call_app'
railties (5.2.1) lib/rails/rack/logger.rb:26:in `block in call'
activesupport (5.2.1) lib/active_support/tagged_logging.rb:71:in `block in tagged'
activesupport (5.2.1) lib/active_support/tagged_logging.rb:28:in `tagged'
activesupport (5.2.1) lib/active_support/tagged_logging.rb:71:in `tagged'
railties (5.2.1) lib/rails/rack/logger.rb:26:in `call'
sprockets-rails (3.2.1) lib/sprockets/rails/quiet_assets.rb:13:in `call'
actionpack (5.2.1) lib/action_dispatch/middleware/remote_ip.rb:81:in `call'
actionpack (5.2.1) lib/action_dispatch/middleware/request_id.rb:27:in `call'
rack (2.0.5) lib/rack/method_override.rb:22:in `call'
rack (2.0.5) lib/rack/runtime.rb:22:in `call'
activesupport (5.2.1) lib/active_support/cache/strategy/local_cache_middleware.rb:29:in `call'
actionpack (5.2.1) lib/action_dispatch/middleware/executor.rb:14:in `call'
actionpack (5.2.1) lib/action_dispatch/middleware/static.rb:127:in `call'
rack (2.0.5) lib/rack/sendfile.rb:111:in `call'
railties (5.2.1) lib/rails/engine.rb:524:in `call'
puma (3.12.0) lib/puma/configuration.rb:225:in `call'
puma (3.12.0) lib/puma/server.rb:658:in `handle_request'
puma (3.12.0) lib/puma/server.rb:472:in `process_client'
puma (3.12.0) lib/puma/server.rb:332:in `block in run'
puma (3.12.0) lib/puma/thread_pool.rb:133:in `block in spawn_thread'
  [1m[35m (0.1ms)[0m  [1m[34mSELECT sqlite_version(*)[0m
  ‚Ü≥ bin/rails:9
  [1m[35m (1.1ms)[0m  [1m[35mCREATE TABLE "schema_migrations" ("version" varchar NOT NULL PRIMARY KEY)[0m
  ‚Ü≥ bin/rails:9
  [1m[35m (1.0ms)[0m  [1m[35mCREATE TABLE "ar_internal_metadata" ("key" varchar NOT NULL PRIMARY KEY, "value" varchar, "created_at" datetime NOT NULL, "updated_at" datetime NOT NULL)[0m
  ‚Ü≥ bin/rails:9
  [1m[35m (0.2ms)[0m  [1m[34mSELECT "schema_migrations"."version" FROM "schema_migrations" ORDER BY "schema_migrations"."version" ASC[0m
  ‚Ü≥ bin/rails:9
Migrating to CreateUrls (20181018072142)
  [1m[35m (0.1ms)[0m  [1m[36mbegin transaction[0m
  ‚Ü≥ bin/rails:9
  [1m[35m (0.5ms)[0m  [1m[35mCREATE TABLE "urls" ("id" integer PRIMARY KEY AUTOINCREMENT NOT NULL, "url" varchar, "created_at" datetime NOT NULL, "updated_at" datetime NOT NULL)[0m
  ‚Ü≥ db/migrate/20181018072142_create_urls.rb:3
  [1m[36mActiveRecord::SchemaMigration Create (0.2ms)[0m  [1m[32mINSERT INTO "schema_migrations" ("version") VALUES (?)[0m  [["version", "20181018072142"]]
  ‚Ü≥ bin/rails:9
  [1m[35m (1.1ms)[0m  [1m[36mcommit transaction[0m
  ‚Ü≥ bin/rails:9
Migrating to CreateQestions (20181018072832)
  [1m[35m (0.1ms)[0m  [1m[36mbegin transaction[0m
  ‚Ü≥ bin/rails:9
  [1m[35m (0.5ms)[0m  [1m[35mCREATE TABLE "qestions" ("id" integer PRIMARY KEY AUTOINCREMENT NOT NULL, "qestion" varchar, "yes" integer, "no" integer, "url_id" integer, "created_at" datetime NOT NULL, "updated_at" datetime NOT NULL, CONSTRAINT "fk_rails_06c15043e1"
FOREIGN KEY ("url_id")
  REFERENCES "urls" ("id")
)[0m
  ‚Ü≥ db/migrate/20181018072832_create_qestions.rb:3
  [1m[35m (0.1ms)[0m  [1m[35mCREATE  INDEX "index_qestions_on_url_id" ON "qestions" ("url_id")[0m
  ‚Ü≥ db/migrate/20181018072832_create_qestions.rb:3
  [1m[36mActiveRecord::SchemaMigration Create (0.1ms)[0m  [1m[32mINSERT INTO "schema_migrations" ("version") VALUES (?)[0m  [["version", "20181018072832"]]
  ‚Ü≥ bin/rails:9
  [1m[35m (1.7ms)[0m  [1m[36mcommit transaction[0m
  ‚Ü≥ bin/rails:9
  [1m[36mActiveRecord::InternalMetadata Load (0.2ms)[0m  [1m[34mSELECT  "ar_internal_metadata".* FROM "ar_internal_metadata" WHERE "ar_internal_metadata"."key" = ? LIMIT ?[0m  [["key", "environment"], ["LIMIT", 1]]
  ‚Ü≥ bin/rails:9
  [1m[35m (0.0ms)[0m  [1m[36mbegin transaction[0m
  ‚Ü≥ bin/rails:9
  [1m[36mActiveRecord::InternalMetadata Create (0.5ms)[0m  [1m[32mINSERT INTO "ar_internal_metadata" ("key", "value", "created_at", "updated_at") VALUES (?, ?, ?, ?)[0m  [["key", "environment"], ["value", "development"], ["created_at", "2018-10-22 08:15:35.669442"], ["updated_at", "2018-10-22 08:15:35.669442"]]
  ‚Ü≥ bin/rails:9
  [1m[35m (0.8ms)[0m  [1m[36mcommit transaction[0m
  ‚Ü≥ bin/rails:9
  [1m[35m (0.1ms)[0m  [1m[34mSELECT "schema_migrations"."version" FROM "schema_migrations" ORDER BY "schema_migrations"."version" ASC[0m
  ‚Ü≥ bin/rails:9
Started GET "/" for 127.0.0.1 at 2018-10-22 17:15:46 +0900
  [1m[35m (0.1ms)[0m  [1m[34mSELECT "schema_migrations"."version" FROM "schema_migrations" ORDER BY "schema_migrations"."version" ASC[0m
  ‚Ü≥ /Users/hayato_okuma/.rbenv/versions/2.5.1/lib/ruby/gems/2.5.0/gems/activerecord-5.2.1/lib/active_record/log_subscriber.rb:98
Processing by Rails::WelcomeController#index as HTML
  Rendering /Users/hayato_okuma/.rbenv/versions/2.5.1/lib/ruby/gems/2.5.0/gems/railties-5.2.1/lib/rails/templates/rails/welcome/index.html.erb
  Rendered /Users/hayato_okuma/.rbenv/versions/2.5.1/lib/ruby/gems/2.5.0/gems/railties-5.2.1/lib/rails/templates/rails/welcome/index.html.erb (6.4ms)
Completed 200 OK in 54ms (Views: 11.7ms | ActiveRecord: 0.0ms)


Started GET "/" for 127.0.0.1 at 2018-10-22 17:19:23 +0900
Processing by TopController#index as HTML
  Rendering top/index.html.erb within layouts/application
  Rendered top/index.html.erb within layouts/application (0.5ms)
Completed 200 OK in 643ms (Views: 639.3ms | ActiveRecord: 0.0ms)


Started GET "/style.css" for 127.0.0.1 at 2018-10-22 17:19:33 +0900
  
ActionController::RoutingError (No route matches [GET] "/style.css"):
  
actionpack (5.2.1) lib/action_dispatch/middleware/debug_exceptions.rb:65:in `call'
web-console (3.7.0) lib/web_console/middleware.rb:135:in `call_app'
web-console (3.7.0) lib/web_console/middleware.rb:30:in `block in call'
web-console (3.7.0) lib/web_console/middleware.rb:20:in `catch'
web-console (3.7.0) lib/web_console/middleware.rb:20:in `call'
actionpack (5.2.1) lib/action_dispatch/middleware/show_exceptions.rb:33:in `call'
railties (5.2.1) lib/rails/rack/logger.rb:38:in `call_app'
railties (5.2.1) lib/rails/rack/logger.rb:26:in `block in call'
activesupport (5.2.1) lib/active_support/tagged_logging.rb:71:in `block in tagged'
activesupport (5.2.1) lib/active_support/tagged_logging.rb:28:in `tagged'
activesupport (5.2.1) lib/active_support/tagged_logging.rb:71:in `tagged'
railties (5.2.1) lib/rails/rack/logger.rb:26:in `call'
sprockets-rails (3.2.1) lib/sprockets/rails/quiet_assets.rb:13:in `call'
actionpack (5.2.1) lib/action_dispatch/middleware/remote_ip.rb:81:in `call'
actionpack (5.2.1) lib/action_dispatch/middleware/request_id.rb:27:in `call'
rack (2.0.5) lib/rack/method_override.rb:22:in `call'
rack (2.0.5) lib/rack/runtime.rb:22:in `call'
activesupport (5.2.1) lib/active_support/cache/strategy/local_cache_middleware.rb:29:in `call'
actionpack (5.2.1) lib/action_dispatch/middleware/executor.rb:14:in `call'
actionpack (5.2.1) lib/action_dispatch/middleware/static.rb:127:in `call'
rack (2.0.5) lib/rack/sendfile.rb:111:in `call'
railties (5.2.1) lib/rails/engine.rb:524:in `call'
puma (3.12.0) lib/puma/configuration.rb:225:in `call'
puma (3.12.0) lib/puma/server.rb:658:in `handle_request'
puma (3.12.0) lib/puma/server.rb:472:in `process_client'
puma (3.12.0) lib/puma/server.rb:332:in `block in run'
puma (3.12.0) lib/puma/thread_pool.rb:133:in `block in spawn_thread'
Started GET "/images/toidas_title.png" for 127.0.0.1 at 2018-10-22 17:19:34 +0900
  
ActionController::RoutingError (No route matches [GET] "/images/toidas_title.png"):
  
actionpack (5.2.1) lib/action_dispatch/middleware/debug_exceptions.rb:65:in `call'
web-console (3.7.0) lib/web_console/middleware.rb:135:in `call_app'
web-console (3.7.0) lib/web_console/middleware.rb:30:in `block in call'
web-console (3.7.0) lib/web_console/middleware.rb:20:in `catch'
web-console (3.7.0) lib/web_console/middleware.rb:20:in `call'
actionpack (5.2.1) lib/action_dispatch/middleware/show_exceptions.rb:33:in `call'
railties (5.2.1) lib/rails/rack/logger.rb:38:in `call_app'
railties (5.2.1) lib/rails/rack/logger.rb:26:in `block in call'
activesupport (5.2.1) lib/active_support/tagged_logging.rb:71:in `block in tagged'
activesupport (5.2.1) lib/active_support/tagged_logging.rb:28:in `tagged'
activesupport (5.2.1) lib/active_support/tagged_logging.rb:71:in `tagged'
railties (5.2.1) lib/rails/rack/logger.rb:26:in `call'
sprockets-rails (3.2.1) lib/sprockets/rails/quiet_assets.rb:13:in `call'
actionpack (5.2.1) lib/action_dispatch/middleware/remote_ip.rb:81:in `call'
actionpack (5.2.1) lib/action_dispatch/middleware/request_id.rb:27:in `call'
rack (2.0.5) lib/rack/method_override.rb:22:in `call'
rack (2.0.5) lib/rack/runtime.rb:22:in `call'
activesupport (5.2.1) lib/active_support/cache/strategy/local_cache_middleware.rb:29:in `call'
actionpack (5.2.1) lib/action_dispatch/middleware/executor.rb:14:in `call'
actionpack (5.2.1) lib/action_dispatch/middleware/static.rb:127:in `call'
rack (2.0.5) lib/rack/sendfile.rb:111:in `call'
railties (5.2.1) lib/rails/engine.rb:524:in `call'
puma (3.12.0) lib/puma/configuration.rb:225:in `call'
puma (3.12.0) lib/puma/server.rb:658:in `handle_request'
puma (3.12.0) lib/puma/server.rb:472:in `process_client'
puma (3.12.0) lib/puma/server.rb:332:in `block in run'
puma (3.12.0) lib/puma/thread_pool.rb:133:in `block in spawn_thread'
Started GET "/" for 127.0.0.1 at 2018-10-22 17:25:37 +0900
  [1m[35m (0.2ms)[0m  [1m[34mSELECT "schema_migrations"."version" FROM "schema_migrations" ORDER BY "schema_migrations"."version" ASC[0m
  ‚Ü≥ /Users/hayato_okuma/.rbenv/versions/2.5.1/lib/ruby/gems/2.5.0/gems/activerecord-5.2.1/lib/active_record/log_subscriber.rb:98
Processing by TopController#index as HTML
  Rendering top/index.html.erb within layouts/application
  Rendered top/index.html.erb within layouts/application (1.6ms)
Completed 200 OK in 261ms (Views: 251.9ms | ActiveRecord: 0.0ms)


Started GET "/style.css" for 127.0.0.1 at 2018-10-22 17:25:37 +0900
  
ActionController::RoutingError (No route matches [GET] "/style.css"):
  
actionpack (5.2.1) lib/action_dispatch/middleware/debug_exceptions.rb:65:in `call'
web-console (3.7.0) lib/web_console/middleware.rb:135:in `call_app'
web-console (3.7.0) lib/web_console/middleware.rb:30:in `block in call'
web-console (3.7.0) lib/web_console/middleware.rb:20:in `catch'
web-console (3.7.0) lib/web_console/middleware.rb:20:in `call'
actionpack (5.2.1) lib/action_dispatch/middleware/show_exceptions.rb:33:in `call'
railties (5.2.1) lib/rails/rack/logger.rb:38:in `call_app'
railties (5.2.1) lib/rails/rack/logger.rb:26:in `block in call'
activesupport (5.2.1) lib/active_support/tagged_logging.rb:71:in `block in tagged'
activesupport (5.2.1) lib/active_support/tagged_logging.rb:28:in `tagged'
activesupport (5.2.1) lib/active_support/tagged_logging.rb:71:in `tagged'
railties (5.2.1) lib/rails/rack/logger.rb:26:in `call'
sprockets-rails (3.2.1) lib/sprockets/rails/quiet_assets.rb:13:in `call'
actionpack (5.2.1) lib/action_dispatch/middleware/remote_ip.rb:81:in `call'
actionpack (5.2.1) lib/action_dispatch/middleware/request_id.rb:27:in `call'
rack (2.0.5) lib/rack/method_override.rb:22:in `call'
rack (2.0.5) lib/rack/runtime.rb:22:in `call'
activesupport (5.2.1) lib/active_support/cache/strategy/local_cache_middleware.rb:29:in `call'
actionpack (5.2.1) lib/action_dispatch/middleware/executor.rb:14:in `call'
actionpack (5.2.1) lib/action_dispatch/middleware/static.rb:127:in `call'
rack (2.0.5) lib/rack/sendfile.rb:111:in `call'
railties (5.2.1) lib/rails/engine.rb:524:in `call'
puma (3.12.0) lib/puma/configuration.rb:225:in `call'
puma (3.12.0) lib/puma/server.rb:658:in `handle_request'
puma (3.12.0) lib/puma/server.rb:472:in `process_client'
puma (3.12.0) lib/puma/server.rb:332:in `block in run'
puma (3.12.0) lib/puma/thread_pool.rb:133:in `block in spawn_thread'
  
ActionController::RoutingError (No route matches [GET] "/assets/toidas_title.png"):
  
actionpack (5.2.1) lib/action_dispatch/middleware/debug_exceptions.rb:65:in `call'
web-console (3.7.0) lib/web_console/middleware.rb:135:in `call_app'
web-console (3.7.0) lib/web_console/middleware.rb:30:in `block in call'
web-console (3.7.0) lib/web_console/middleware.rb:20:in `catch'
web-console (3.7.0) lib/web_console/middleware.rb:20:in `call'
actionpack (5.2.1) lib/action_dispatch/middleware/show_exceptions.rb:33:in `call'
railties (5.2.1) lib/rails/rack/logger.rb:38:in `call_app'
railties (5.2.1) lib/rails/rack/logger.rb:26:in `block in call'
activesupport (5.2.1) lib/active_support/tagged_logging.rb:71:in `block in tagged'
activesupport (5.2.1) lib/active_support/tagged_logging.rb:28:in `tagged'
activesupport (5.2.1) lib/active_support/tagged_logging.rb:71:in `tagged'
railties (5.2.1) lib/rails/rack/logger.rb:26:in `call'
sprockets-rails (3.2.1) lib/sprockets/rails/quiet_assets.rb:11:in `block in call'
activesupport (5.2.1) lib/active_support/logger_silence.rb:21:in `silence'
activesupport (5.2.1) lib/active_support/logger.rb:65:in `block (3 levels) in broadcast'
activesupport (5.2.1) lib/active_support/logger_silence.rb:21:in `silence'
activesupport (5.2.1) lib/active_support/logger.rb:63:in `block (2 levels) in broadcast'
sprockets-rails (3.2.1) lib/sprockets/rails/quiet_assets.rb:11:in `call'
actionpack (5.2.1) lib/action_dispatch/middleware/remote_ip.rb:81:in `call'
actionpack (5.2.1) lib/action_dispatch/middleware/request_id.rb:27:in `call'
rack (2.0.5) lib/rack/method_override.rb:22:in `call'
rack (2.0.5) lib/rack/runtime.rb:22:in `call'
activesupport (5.2.1) lib/active_support/cache/strategy/local_cache_middleware.rb:29:in `call'
actionpack (5.2.1) lib/action_dispatch/middleware/executor.rb:14:in `call'
actionpack (5.2.1) lib/action_dispatch/middleware/static.rb:127:in `call'
rack (2.0.5) lib/rack/sendfile.rb:111:in `call'
railties (5.2.1) lib/rails/engine.rb:524:in `call'
puma (3.12.0) lib/puma/configuration.rb:225:in `call'
puma (3.12.0) lib/puma/server.rb:658:in `handle_request'
puma (3.12.0) lib/puma/server.rb:472:in `process_client'
puma (3.12.0) lib/puma/server.rb:332:in `block in run'
puma (3.12.0) lib/puma/thread_pool.rb:133:in `block in spawn_thread'
Started GET "/" for 127.0.0.1 at 2018-10-22 17:26:34 +0900
Processing by TopController#index as HTML
  Rendering top/index.html.erb within layouts/application
  Rendered top/index.html.erb within layouts/application (0.7ms)
Completed 200 OK in 36ms (Views: 33.1ms | ActiveRecord: 0.0ms)


Started GET "/style.css" for 127.0.0.1 at 2018-10-22 17:26:34 +0900
  
ActionController::RoutingError (No route matches [GET] "/style.css"):
  
actionpack (5.2.1) lib/action_dispatch/middleware/debug_exceptions.rb:65:in `call'
web-console (3.7.0) lib/web_console/middleware.rb:135:in `call_app'
web-console (3.7.0) lib/web_console/middleware.rb:30:in `block in call'
web-console (3.7.0) lib/web_console/middleware.rb:20:in `catch'
web-console (3.7.0) lib/web_console/middleware.rb:20:in `call'
actionpack (5.2.1) lib/action_dispatch/middleware/show_exceptions.rb:33:in `call'
railties (5.2.1) lib/rails/rack/logger.rb:38:in `call_app'
railties (5.2.1) lib/rails/rack/logger.rb:26:in `block in call'
activesupport (5.2.1) lib/active_support/tagged_logging.rb:71:in `block in tagged'
activesupport (5.2.1) lib/active_support/tagged_logging.rb:28:in `tagged'
activesupport (5.2.1) lib/active_support/tagged_logging.rb:71:in `tagged'
railties (5.2.1) lib/rails/rack/logger.rb:26:in `call'
sprockets-rails (3.2.1) lib/sprockets/rails/quiet_assets.rb:13:in `call'
actionpack (5.2.1) lib/action_dispatch/middleware/remote_ip.rb:81:in `call'
actionpack (5.2.1) lib/action_dispatch/middleware/request_id.rb:27:in `call'
rack (2.0.5) lib/rack/method_override.rb:22:in `call'
rack (2.0.5) lib/rack/runtime.rb:22:in `call'
activesupport (5.2.1) lib/active_support/cache/strategy/local_cache_middleware.rb:29:in `call'
actionpack (5.2.1) lib/action_dispatch/middleware/executor.rb:14:in `call'
actionpack (5.2.1) lib/action_dispatch/middleware/static.rb:127:in `call'
rack (2.0.5) lib/rack/sendfile.rb:111:in `call'
railties (5.2.1) lib/rails/engine.rb:524:in `call'
puma (3.12.0) lib/puma/configuration.rb:225:in `call'
puma (3.12.0) lib/puma/server.rb:658:in `handle_request'
puma (3.12.0) lib/puma/server.rb:472:in `process_client'
puma (3.12.0) lib/puma/server.rb:332:in `block in run'
puma (3.12.0) lib/puma/thread_pool.rb:133:in `block in spawn_thread'
  
ActionController::RoutingError (No route matches [GET] "/assets/toidas_title.png"):
  
actionpack (5.2.1) lib/action_dispatch/middleware/debug_exceptions.rb:65:in `call'
web-console (3.7.0) lib/web_console/middleware.rb:135:in `call_app'
web-console (3.7.0) lib/web_console/middleware.rb:30:in `block in call'
web-console (3.7.0) lib/web_console/middleware.rb:20:in `catch'
web-console (3.7.0) lib/web_console/middleware.rb:20:in `call'
actionpack (5.2.1) lib/action_dispatch/middleware/show_exceptions.rb:33:in `call'
railties (5.2.1) lib/rails/rack/logger.rb:38:in `call_app'
railties (5.2.1) lib/rails/rack/logger.rb:26:in `block in call'
activesupport (5.2.1) lib/active_support/tagged_logging.rb:71:in `block in tagged'
activesupport (5.2.1) lib/active_support/tagged_logging.rb:28:in `tagged'
activesupport (5.2.1) lib/active_support/tagged_logging.rb:71:in `tagged'
railties (5.2.1) lib/rails/rack/logger.rb:26:in `call'
sprockets-rails (3.2.1) lib/sprockets/rails/quiet_assets.rb:11:in `block in call'
activesupport (5.2.1) lib/active_support/logger_silence.rb:21:in `silence'
activesupport (5.2.1) lib/active_support/logger.rb:65:in `block (3 levels) in broadcast'
activesupport (5.2.1) lib/active_support/logger_silence.rb:21:in `silence'
activesupport (5.2.1) lib/active_support/logger.rb:63:in `block (2 levels) in broadcast'
sprockets-rails (3.2.1) lib/sprockets/rails/quiet_assets.rb:11:in `call'
actionpack (5.2.1) lib/action_dispatch/middleware/remote_ip.rb:81:in `call'
actionpack (5.2.1) lib/action_dispatch/middleware/request_id.rb:27:in `call'
rack (2.0.5) lib/rack/method_override.rb:22:in `call'
rack (2.0.5) lib/rack/runtime.rb:22:in `call'
activesupport (5.2.1) lib/active_support/cache/strategy/local_cache_middleware.rb:29:in `call'
actionpack (5.2.1) lib/action_dispatch/middleware/executor.rb:14:in `call'
actionpack (5.2.1) lib/action_dispatch/middleware/static.rb:127:in `call'
rack (2.0.5) lib/rack/sendfile.rb:111:in `call'
railties (5.2.1) lib/rails/engine.rb:524:in `call'
puma (3.12.0) lib/puma/configuration.rb:225:in `call'
puma (3.12.0) lib/puma/server.rb:658:in `handle_request'
puma (3.12.0) lib/puma/server.rb:472:in `process_client'
puma (3.12.0) lib/puma/server.rb:332:in `block in run'
puma (3.12.0) lib/puma/thread_pool.rb:133:in `block in spawn_thread'
Started GET "/" for 127.0.0.1 at 2018-10-22 17:27:10 +0900
Processing by TopController#index as HTML
  Rendering top/index.html.erb within layouts/application
  Rendered top/index.html.erb within layouts/application (3.5ms)
Completed 500 Internal Server Error in 12ms (ActiveRecord: 0.0ms)


  
ActionView::Template::Error (The asset "assets/toidas_title.png" is not present in the asset pipeline.):
    16:         </div>
    17:         <div class="logo">
    18:             <p>„Åã„Çì„Åü„ÇìË®ò‰∫ãË©ï‰æ°„Ç¢„Éó„É™</p>
    19:             <a><%= link_to image_tag('assets/toidas_title.png'), root_path %></a>
    20:         </div>
    21:     </header>
    22: 
  
app/views/top/index.html.erb:19:in `_app_views_top_index_html_erb___1433887638570964420_70183300118020'
Started GET "/" for 127.0.0.1 at 2018-10-22 17:27:40 +0900
Processing by TopController#index as HTML
  Rendering top/index.html.erb within layouts/application
  Rendered top/index.html.erb within layouts/application (2.5ms)
Completed 500 Internal Server Error in 9ms (ActiveRecord: 0.0ms)


  
ActionView::Template::Error (The asset "assets/toidas_title.png" is not present in the asset pipeline.):
    16:         </div>
    17:         <div class="logo">
    18:             <p>„Åã„Çì„Åü„ÇìË®ò‰∫ãË©ï‰æ°„Ç¢„Éó„É™</p>
    19:             <a><%= link_to image_tag('assets/toidas_title.png'), root_path %></a>
    20:         </div>
    21:     </header>
    22: 
  
app/views/top/index.html.erb:19:in `_app_views_top_index_html_erb___1433887638570964420_70183282290540'
Started GET "/" for 127.0.0.1 at 2018-10-22 17:28:07 +0900
Processing by TopController#index as HTML
  Rendering top/index.html.erb within layouts/application
  Rendered top/index.html.erb within layouts/application (0.7ms)
Completed 200 OK in 63ms (Views: 61.1ms | ActiveRecord: 0.0ms)


Started GET "/style.css" for 127.0.0.1 at 2018-10-22 17:28:07 +0900
  
ActionController::RoutingError (No route matches [GET] "/style.css"):
  
actionpack (5.2.1) lib/action_dispatch/middleware/debug_exceptions.rb:65:in `call'
web-console (3.7.0) lib/web_console/middleware.rb:135:in `call_app'
web-console (3.7.0) lib/web_console/middleware.rb:30:in `block in call'
web-console (3.7.0) lib/web_console/middleware.rb:20:in `catch'
web-console (3.7.0) lib/web_console/middleware.rb:20:in `call'
actionpack (5.2.1) lib/action_dispatch/middleware/show_exceptions.rb:33:in `call'
railties (5.2.1) lib/rails/rack/logger.rb:38:in `call_app'
railties (5.2.1) lib/rails/rack/logger.rb:26:in `block in call'
activesupport (5.2.1) lib/active_support/tagged_logging.rb:71:in `block in tagged'
activesupport (5.2.1) lib/active_support/tagged_logging.rb:28:in `tagged'
activesupport (5.2.1) lib/active_support/tagged_logging.rb:71:in `tagged'
railties (5.2.1) lib/rails/rack/logger.rb:26:in `call'
sprockets-rails (3.2.1) lib/sprockets/rails/quiet_assets.rb:13:in `call'
actionpack (5.2.1) lib/action_dispatch/middleware/remote_ip.rb:81:in `call'
actionpack (5.2.1) lib/action_dispatch/middleware/request_id.rb:27:in `call'
rack (2.0.5) lib/rack/method_override.rb:22:in `call'
rack (2.0.5) lib/rack/runtime.rb:22:in `call'
activesupport (5.2.1) lib/active_support/cache/strategy/local_cache_middleware.rb:29:in `call'
actionpack (5.2.1) lib/action_dispatch/middleware/executor.rb:14:in `call'
actionpack (5.2.1) lib/action_dispatch/middleware/static.rb:127:in `call'
rack (2.0.5) lib/rack/sendfile.rb:111:in `call'
railties (5.2.1) lib/rails/engine.rb:524:in `call'
puma (3.12.0) lib/puma/configuration.rb:225:in `call'
puma (3.12.0) lib/puma/server.rb:658:in `handle_request'
puma (3.12.0) lib/puma/server.rb:472:in `process_client'
puma (3.12.0) lib/puma/server.rb:332:in `block in run'
puma (3.12.0) lib/puma/thread_pool.rb:133:in `block in spawn_thread'
Started GET "/" for 127.0.0.1 at 2018-10-22 17:28:27 +0900
Processing by TopController#index as HTML
  Rendering top/index.html.erb within layouts/application
  Rendered top/index.html.erb within layouts/application (0.6ms)
Completed 200 OK in 69ms (Views: 66.8ms | ActiveRecord: 0.0ms)


Started GET "/style.css" for 127.0.0.1 at 2018-10-22 17:28:27 +0900
  
ActionController::RoutingError (No route matches [GET] "/style.css"):
  
actionpack (5.2.1) lib/action_dispatch/middleware/debug_exceptions.rb:65:in `call'
web-console (3.7.0) lib/web_console/middleware.rb:135:in `call_app'
web-console (3.7.0) lib/web_console/middleware.rb:30:in `block in call'
web-console (3.7.0) lib/web_console/middleware.rb:20:in `catch'
web-console (3.7.0) lib/web_console/middleware.rb:20:in `call'
actionpack (5.2.1) lib/action_dispatch/middleware/show_exceptions.rb:33:in `call'
railties (5.2.1) lib/rails/rack/logger.rb:38:in `call_app'
railties (5.2.1) lib/rails/rack/logger.rb:26:in `block in call'
activesupport (5.2.1) lib/active_support/tagged_logging.rb:71:in `block in tagged'
activesupport (5.2.1) lib/active_support/tagged_logging.rb:28:in `tagged'
activesupport (5.2.1) lib/active_support/tagged_logging.rb:71:in `tagged'
railties (5.2.1) lib/rails/rack/logger.rb:26:in `call'
sprockets-rails (3.2.1) lib/sprockets/rails/quiet_assets.rb:13:in `call'
actionpack (5.2.1) lib/action_dispatch/middleware/remote_ip.rb:81:in `call'
actionpack (5.2.1) lib/action_dispatch/middleware/request_id.rb:27:in `call'
rack (2.0.5) lib/rack/method_override.rb:22:in `call'
rack (2.0.5) lib/rack/runtime.rb:22:in `call'
activesupport (5.2.1) lib/active_support/cache/strategy/local_cache_middleware.rb:29:in `call'
actionpack (5.2.1) lib/action_dispatch/middleware/executor.rb:14:in `call'
actionpack (5.2.1) lib/action_dispatch/middleware/static.rb:127:in `call'
rack (2.0.5) lib/rack/sendfile.rb:111:in `call'
railties (5.2.1) lib/rails/engine.rb:524:in `call'
puma (3.12.0) lib/puma/configuration.rb:225:in `call'
puma (3.12.0) lib/puma/server.rb:658:in `handle_request'
puma (3.12.0) lib/puma/server.rb:472:in `process_client'
puma (3.12.0) lib/puma/server.rb:332:in `block in run'
puma (3.12.0) lib/puma/thread_pool.rb:133:in `block in spawn_thread'
  [1m[35m (0.7ms)[0m  [1m[34mSELECT "schema_migrations"."version" FROM "schema_migrations" ORDER BY "schema_migrations"."version" ASC[0m
  ‚Ü≥ bin/rails:9
  [1m[36mActiveRecord::InternalMetadata Load (0.6ms)[0m  [1m[34mSELECT  "ar_internal_metadata".* FROM "ar_internal_metadata" WHERE "ar_internal_metadata"."key" = ? LIMIT ?[0m  [["key", "environment"], ["LIMIT", 1]]
  ‚Ü≥ bin/rails:9
  [1m[35m (0.1ms)[0m  [1m[36mbegin transaction[0m
  ‚Ü≥ bin/rails:9
  [1m[35m (0.1ms)[0m  [1m[36mcommit transaction[0m
  ‚Ü≥ bin/rails:9
  [1m[35m (0.2ms)[0m  [1m[34mSELECT "schema_migrations"."version" FROM "schema_migrations" ORDER BY "schema_migrations"."version" ASC[0m
  ‚Ü≥ bin/rails:9
Started GET "/" for 127.0.0.1 at 2018-10-22 17:58:00 +0900
  [1m[35m (0.4ms)[0m  [1m[34mSELECT "schema_migrations"."version" FROM "schema_migrations" ORDER BY "schema_migrations"."version" ASC[0m
  ‚Ü≥ /home/nuts/.rbenv/versions/2.5.1/lib/ruby/gems/2.5.0/gems/activerecord-5.2.1/lib/active_record/log_subscriber.rb:98
Processing by TopController#index as HTML
  Rendering top/index.html.erb within layouts/application
  Rendered top/index.html.erb within layouts/application (26.0ms)
Completed 200 OK in 2224ms (Views: 2092.2ms | ActiveRecord: 0.0ms)


Started GET "/style.css" for 127.0.0.1 at 2018-10-22 17:58:03 +0900
  
ActionController::RoutingError (No route matches [GET] "/style.css"):
  
actionpack (5.2.1) lib/action_dispatch/middleware/debug_exceptions.rb:65:in `call'
web-console (3.7.0) lib/web_console/middleware.rb:135:in `call_app'
web-console (3.7.0) lib/web_console/middleware.rb:30:in `block in call'
web-console (3.7.0) lib/web_console/middleware.rb:20:in `catch'
web-console (3.7.0) lib/web_console/middleware.rb:20:in `call'
actionpack (5.2.1) lib/action_dispatch/middleware/show_exceptions.rb:33:in `call'
railties (5.2.1) lib/rails/rack/logger.rb:38:in `call_app'
railties (5.2.1) lib/rails/rack/logger.rb:26:in `block in call'
activesupport (5.2.1) lib/active_support/tagged_logging.rb:71:in `block in tagged'
activesupport (5.2.1) lib/active_support/tagged_logging.rb:28:in `tagged'
activesupport (5.2.1) lib/active_support/tagged_logging.rb:71:in `tagged'
railties (5.2.1) lib/rails/rack/logger.rb:26:in `call'
sprockets-rails (3.2.1) lib/sprockets/rails/quiet_assets.rb:13:in `call'
actionpack (5.2.1) lib/action_dispatch/middleware/remote_ip.rb:81:in `call'
actionpack (5.2.1) lib/action_dispatch/middleware/request_id.rb:27:in `call'
rack (2.0.5) lib/rack/method_override.rb:22:in `call'
rack (2.0.5) lib/rack/runtime.rb:22:in `call'
activesupport (5.2.1) lib/active_support/cache/strategy/local_cache_middleware.rb:29:in `call'
actionpack (5.2.1) lib/action_dispatch/middleware/executor.rb:14:in `call'
actionpack (5.2.1) lib/action_dispatch/middleware/static.rb:127:in `call'
rack (2.0.5) lib/rack/sendfile.rb:111:in `call'
railties (5.2.1) lib/rails/engine.rb:524:in `call'
puma (3.12.0) lib/puma/configuration.rb:225:in `call'
puma (3.12.0) lib/puma/server.rb:658:in `handle_request'
puma (3.12.0) lib/puma/server.rb:472:in `process_client'
puma (3.12.0) lib/puma/server.rb:332:in `block in run'
puma (3.12.0) lib/puma/thread_pool.rb:133:in `block in spawn_thread'
Started GET "/" for 127.0.0.1 at 2018-10-22 17:58:18 +0900
Processing by TopController#index as HTML
  Rendering top/index.html.erb within layouts/application
  Rendered top/index.html.erb within layouts/application (1.3ms)
Completed 200 OK in 238ms (Views: 179.8ms | ActiveRecord: 0.0ms)


Started GET "/style.css" for 127.0.0.1 at 2018-10-22 17:58:19 +0900
  
ActionController::RoutingError (No route matches [GET] "/style.css"):
  
actionpack (5.2.1) lib/action_dispatch/middleware/debug_exceptions.rb:65:in `call'
web-console (3.7.0) lib/web_console/middleware.rb:135:in `call_app'
web-console (3.7.0) lib/web_console/middleware.rb:30:in `block in call'
web-console (3.7.0) lib/web_console/middleware.rb:20:in `catch'
web-console (3.7.0) lib/web_console/middleware.rb:20:in `call'
actionpack (5.2.1) lib/action_dispatch/middleware/show_exceptions.rb:33:in `call'
railties (5.2.1) lib/rails/rack/logger.rb:38:in `call_app'
railties (5.2.1) lib/rails/rack/logger.rb:26:in `block in call'
activesupport (5.2.1) lib/active_support/tagged_logging.rb:71:in `block in tagged'
activesupport (5.2.1) lib/active_support/tagged_logging.rb:28:in `tagged'
activesupport (5.2.1) lib/active_support/tagged_logging.rb:71:in `tagged'
railties (5.2.1) lib/rails/rack/logger.rb:26:in `call'
sprockets-rails (3.2.1) lib/sprockets/rails/quiet_assets.rb:13:in `call'
actionpack (5.2.1) lib/action_dispatch/middleware/remote_ip.rb:81:in `call'
actionpack (5.2.1) lib/action_dispatch/middleware/request_id.rb:27:in `call'
rack (2.0.5) lib/rack/method_override.rb:22:in `call'
rack (2.0.5) lib/rack/runtime.rb:22:in `call'
activesupport (5.2.1) lib/active_support/cache/strategy/local_cache_middleware.rb:29:in `call'
actionpack (5.2.1) lib/action_dispatch/middleware/executor.rb:14:in `call'
actionpack (5.2.1) lib/action_dispatch/middleware/static.rb:127:in `call'
rack (2.0.5) lib/rack/sendfile.rb:111:in `call'
railties (5.2.1) lib/rails/engine.rb:524:in `call'
puma (3.12.0) lib/puma/configuration.rb:225:in `call'
puma (3.12.0) lib/puma/server.rb:658:in `handle_request'
puma (3.12.0) lib/puma/server.rb:472:in `process_client'
puma (3.12.0) lib/puma/server.rb:332:in `block in run'
puma (3.12.0) lib/puma/thread_pool.rb:133:in `block in spawn_thread'
Started GET "/" for 127.0.0.1 at 2018-10-22 17:58:20 +0900
Processing by TopController#index as HTML
Started GET "/style.css" for 127.0.0.1 at 2018-10-22 17:58:20 +0900
  
ActionController::RoutingError (No route matches [GET] "/style.css"):
  
  Rendering top/index.html.erb within layouts/application
actionpack (5.2.1) lib/action_dispatch/middleware/debug_exceptions.rb:65:in `call'
web-console (3.7.0) lib/web_console/middleware.rb:135:in `call_app'
web-console (3.7.0) lib/web_console/middleware.rb:30:in `block in call'
web-console (3.7.0) lib/web_console/middleware.rb:20:in `catch'
web-console (3.7.0) lib/web_console/middleware.rb:20:in `call'
actionpack (5.2.1) lib/action_dispatch/middleware/show_exceptions.rb:33:in `call'
railties (5.2.1) lib/rails/rack/logger.rb:38:in `call_app'
railties (5.2.1) lib/rails/rack/logger.rb:26:in `block in call'
activesupport (5.2.1) lib/active_support/tagged_logging.rb:71:in `block in tagged'
activesupport (5.2.1) lib/active_support/tagged_logging.rb:28:in `tagged'
activesupport (5.2.1) lib/active_support/tagged_logging.rb:71:in `tagged'
railties (5.2.1) lib/rails/rack/logger.rb:26:in `call'
sprockets-rails (3.2.1) lib/sprockets/rails/quiet_assets.rb:13:in `call'
actionpack (5.2.1) lib/action_dispatch/middleware/remote_ip.rb:81:in `call'
actionpack (5.2.1) lib/action_dispatch/middleware/request_id.rb:27:in `call'
rack (2.0.5) lib/rack/method_override.rb:22:in `call'
rack (2.0.5) lib/rack/runtime.rb:22:in `call'
activesupport (5.2.1) lib/active_support/cache/strategy/local_cache_middleware.rb:29:in `call'
actionpack (5.2.1) lib/action_dispatch/middleware/executor.rb:14:in `call'
actionpack (5.2.1) lib/action_dispatch/middleware/static.rb:127:in `call'
rack (2.0.5) lib/rack/sendfile.rb:111:in `call'
railties (5.2.1) lib/rails/engine.rb:524:in `call'
puma (3.12.0) lib/puma/configuration.rb:225:in `call'
puma (3.12.0) lib/puma/server.rb:658:in `handle_request'
puma (3.12.0) lib/puma/server.rb:472:in `process_client'
puma (3.12.0) lib/puma/server.rb:332:in `block in run'
puma (3.12.0) lib/puma/thread_pool.rb:133:in `block in spawn_thread'
  Rendered top/index.html.erb within layouts/application (1.2ms)
Completed 200 OK in 321ms (Views: 263.7ms | ActiveRecord: 0.0ms)


Started GET "/" for 127.0.0.1 at 2018-10-22 17:58:21 +0900
Processing by TopController#index as HTML
Started GET "/style.css" for 127.0.0.1 at 2018-10-22 17:58:21 +0900
  
ActionController::RoutingError (No route matches [GET] "/style.css"):
  
actionpack (5.2.1) lib/action_dispatch/middleware/debug_exceptions.rb:65:in `call'
web-console (3.7.0) lib/web_console/middleware.rb:135:in `call_app'
web-console (3.7.0) lib/web_console/middleware.rb:30:in `block in call'
web-console (3.7.0) lib/web_console/middleware.rb:20:in `catch'
web-console (3.7.0) lib/web_console/middleware.rb:20:in `call'
actionpack (5.2.1) lib/action_dispatch/middleware/show_exceptions.rb:33:in `call'
railties (5.2.1) lib/rails/rack/logger.rb:38:in `call_app'
railties (5.2.1) lib/rails/rack/logger.rb:26:in `block in call'
activesupport (5.2.1) lib/active_support/tagged_logging.rb:71:in `block in tagged'
activesupport (5.2.1) lib/active_support/tagged_logging.rb:28:in `tagged'
activesupport (5.2.1) lib/active_support/tagged_logging.rb:71:in `tagged'
railties (5.2.1) lib/rails/rack/logger.rb:26:in `call'
sprockets-rails (3.2.1) lib/sprockets/rails/quiet_assets.rb:13:in `call'
actionpack (5.2.1) lib/action_dispatch/middleware/remote_ip.rb:81:in `call'
actionpack (5.2.1) lib/action_dispatch/middleware/request_id.rb:27:in `call'
rack (2.0.5) lib/rack/method_override.rb:22:in `call'
rack (2.0.5) lib/rack/runtime.rb:22:in `call'
activesupport (5.2.1) lib/active_support/cache/strategy/local_cache_middleware.rb:29:in `call'
actionpack (5.2.1) lib/action_dispatch/middleware/executor.rb:14:in `call'
actionpack (5.2.1) lib/action_dispatch/middleware/static.rb:127:in `call'
rack (2.0.5) lib/rack/sendfile.rb:111:in `call'
railties (5.2.1) lib/rails/engine.rb:524:in `call'
puma (3.12.0) lib/puma/configuration.rb:225:in `call'
puma (3.12.0) lib/puma/server.rb:658:in `handle_request'
puma (3.12.0) lib/puma/server.rb:472:in `process_client'
puma (3.12.0) lib/puma/server.rb:332:in `block in run'
puma (3.12.0) lib/puma/thread_pool.rb:133:in `block in spawn_thread'
  Rendering top/index.html.erb within layouts/application
  Rendered top/index.html.erb within layouts/application (0.8ms)
Completed 200 OK in 370ms (Views: 310.9ms | ActiveRecord: 0.0ms)


Started GET "/" for 127.0.0.1 at 2018-10-24 00:43:11 +0900
  [1m[35m (0.3ms)[0m  [1m[34mSELECT "schema_migrations"."version" FROM "schema_migrations" ORDER BY "schema_migrations"."version" ASC[0m
  ‚Ü≥ /home/nuts/.rbenv/versions/2.5.1/lib/ruby/gems/2.5.0/gems/activerecord-5.2.1/lib/active_record/log_subscriber.rb:98
Processing by TopController#index as HTML
  Rendering top/index.html.erb within layouts/application
  Rendered top/index.html.erb within layouts/application (398.1ms)
Completed 500 Internal Server Error in 620ms (ActiveRecord: 0.0ms)


  
ActionView::Template::Error (undefined local variable or method `urls_path' for #<#<Class:0x00007ffff550e220>:0x00007ffff5508988>):
    23:     <div id="wrap">
    24: 
    25:         <div class="content">
    26:             <%= form_tag urls_path, :method => 'get' do %>
    27:               <p>
    28:                 <%= text_field_tag :search, params[:search] %>
    29:                 <%= submit_tag "Search", :name => nil %>
  
app/views/top/index.html.erb:26:in `_app_views_top_index_html_erb___1372087224587589717_70368654556300'
Started GET "/" for 127.0.0.1 at 2018-10-24 00:45:24 +0900
Processing by TopController#index as HTML
Completed 500 Internal Server Error in 10ms (ActiveRecord: 0.0ms)


  
SyntaxError (/home/nuts/ToiDAS/app/models/url.rb:8: syntax error, unexpected end-of-input, expecting keyword_end):
  
app/models/url.rb:8: syntax error, unexpected end-of-input, expecting keyword_end
app/controllers/top_controller.rb:3:in `index'
Started GET "/" for 127.0.0.1 at 2018-10-24 00:46:40 +0900
Processing by TopController#index as HTML
  Rendering top/index.html.erb within layouts/application
  [1m[36mUrl Load (0.4ms)[0m  [1m[34mSELECT  "urls".* FROM "urls" LIMIT ?[0m  [["LIMIT", 11]]
  ‚Ü≥ /home/nuts/.rbenv/versions/2.5.1/lib/ruby/gems/2.5.0/gems/activerecord-5.2.1/lib/active_record/log_subscriber.rb:98
  [1m[36mCACHE Url Load (0.0ms)[0m  [1m[34mSELECT  "urls".* FROM "urls" LIMIT ?[0m  [["LIMIT", 11]]
  ‚Ü≥ /home/nuts/.rbenv/versions/2.5.1/lib/ruby/gems/2.5.0/gems/activerecord-5.2.1/lib/active_record/log_subscriber.rb:98
  [1m[36mCACHE Url Load (0.0ms)[0m  [1m[34mSELECT  "urls".* FROM "urls" LIMIT ?[0m  [["LIMIT", 11]]
  ‚Ü≥ /home/nuts/.rbenv/versions/2.5.1/lib/ruby/gems/2.5.0/gems/activerecord-5.2.1/lib/active_record/log_subscriber.rb:98
  [1m[36mCACHE Url Load (0.0ms)[0m  [1m[34mSELECT  "urls".* FROM "urls" LIMIT ?[0m  [["LIMIT", 11]]
  ‚Ü≥ /home/nuts/.rbenv/versions/2.5.1/lib/ruby/gems/2.5.0/gems/activerecord-5.2.1/lib/active_record/log_subscriber.rb:98
  [1m[36mCACHE Url Load (0.0ms)[0m  [1m[34mSELECT  "urls".* FROM "urls" LIMIT ?[0m  [["LIMIT", 11]]
  ‚Ü≥ /home/nuts/.rbenv/versions/2.5.1/lib/ruby/gems/2.5.0/gems/activerecord-5.2.1/lib/active_record/log_subscriber.rb:98
  [1m[36mCACHE Url Load (0.1ms)[0m  [1m[34mSELECT  "urls".* FROM "urls" LIMIT ?[0m  [["LIMIT", 11]]
  ‚Ü≥ /home/nuts/.rbenv/versions/2.5.1/lib/ruby/gems/2.5.0/gems/activerecord-5.2.1/lib/active_record/log_subscriber.rb:98
  [1m[36mCACHE Url Load (0.0ms)[0m  [1m[34mSELECT  "urls".* FROM "urls" LIMIT ?[0m  [["LIMIT", 11]]
  ‚Ü≥ /home/nuts/.rbenv/versions/2.5.1/lib/ruby/gems/2.5.0/gems/activerecord-5.2.1/lib/active_record/log_subscriber.rb:98
  [1m[36mCACHE Url Load (0.0ms)[0m  [1m[34mSELECT  "urls".* FROM "urls" LIMIT ?[0m  [["LIMIT", 11]]
  ‚Ü≥ /home/nuts/.rbenv/versions/2.5.1/lib/ruby/gems/2.5.0/gems/activerecord-5.2.1/lib/active_record/log_subscriber.rb:98
  Rendered top/index.html.erb within layouts/application (530.2ms)
Completed 500 Internal Server Error in 736ms (ActiveRecord: 1.7ms)


  
ActionView::Template::Error (undefined local variable or method `urls_path' for #<#<Class:0x00007fa2498bd808>:0x00007fa2498b7d90>):
    23:     <div id="wrap">
    24: 
    25:         <div class="content">
    26:             <%= form_tag urls_path, :method => 'get' do %>
    27:               <p>
    28:                 <%= text_field_tag :search, params[:search] %>
    29:                 <%= submit_tag "Search", :name => nil %>
  
app/views/top/index.html.erb:26:in `_app_views_top_index_html_erb___1372087224587589717_70167497666580'
Started GET "/" for 127.0.0.1 at 2018-10-24 00:54:41 +0900
  
ArgumentError (Missing :controller key on routes definition, please check your routes.):
  
config/routes.rb:3:in `block in <main>'
config/routes.rb:1:in `<main>'
Started GET "/" for 127.0.0.1 at 2018-10-24 00:59:02 +0900
Processing by TopController#index as HTML
  Rendering top/index.html.erb within layouts/application
  Rendered top/index.html.erb within layouts/application (562.1ms)
Completed 500 Internal Server Error in 652ms (ActiveRecord: 0.0ms)


  
ActionView::Template::Error (undefined local variable or method `urls_path' for #<#<Class:0x00007fa249978248>:0x00007fa24996e888>
Did you mean?  url_index_path):
    23:     <div id="wrap">
    24: 
    25:         <div class="content">
    26:             <%= form_tag urls_path, :method => 'get' do %>
    27:               <p>
    28:                 <%= text_field_tag :search, params[:search] %>
    29:                 <%= submit_tag "Search", :name => nil %>
  
app/views/top/index.html.erb:26:in `_app_views_top_index_html_erb___1372087224587589717_70167498048800'
Started GET "/" for 127.0.0.1 at 2018-10-24 01:00:37 +0900
Processing by TopController#index as HTML
  Rendering top/index.html.erb within layouts/application
  Rendered top/index.html.erb within layouts/application (473.4ms)
Completed 500 Internal Server Error in 562ms (ActiveRecord: 0.0ms)


  
ActionView::Template::Error (undefined local variable or method `url_index' for #<#<Class:0x00007fa24a37f3e0>:0x00007fa24a37d630>
Did you mean?  url_index_url):
    23:     <div id="wrap">
    24: 
    25:         <div class="content">
    26:             <%= form_tag url_index, :method => 'get' do %>
    27:               <p>
    28:                 <%= text_field_tag :search, params[:search] %>
    29:                 <%= submit_tag "Search", :name => nil %>
  
app/views/top/index.html.erb:26:in `_app_views_top_index_html_erb___1372087224587589717_70167503306260'
Started GET "/" for 127.0.0.1 at 2018-10-24 01:01:13 +0900
Processing by TopController#index as HTML
  Rendering top/index.html.erb within layouts/application
  Rendered top/index.html.erb within layouts/application (1.3ms)
Completed 200 OK in 963ms (Views: 959.7ms | ActiveRecord: 0.0ms)


Started GET "/style.css" for 127.0.0.1 at 2018-10-24 01:01:14 +0900
  
ActionController::RoutingError (No route matches [GET] "/style.css"):
  
actionpack (5.2.1) lib/action_dispatch/middleware/debug_exceptions.rb:65:in `call'
web-console (3.7.0) lib/web_console/middleware.rb:135:in `call_app'
web-console (3.7.0) lib/web_console/middleware.rb:30:in `block in call'
web-console (3.7.0) lib/web_console/middleware.rb:20:in `catch'
web-console (3.7.0) lib/web_console/middleware.rb:20:in `call'
actionpack (5.2.1) lib/action_dispatch/middleware/show_exceptions.rb:33:in `call'
railties (5.2.1) lib/rails/rack/logger.rb:38:in `call_app'
railties (5.2.1) lib/rails/rack/logger.rb:26:in `block in call'
activesupport (5.2.1) lib/active_support/tagged_logging.rb:71:in `block in tagged'
activesupport (5.2.1) lib/active_support/tagged_logging.rb:28:in `tagged'
activesupport (5.2.1) lib/active_support/tagged_logging.rb:71:in `tagged'
railties (5.2.1) lib/rails/rack/logger.rb:26:in `call'
sprockets-rails (3.2.1) lib/sprockets/rails/quiet_assets.rb:13:in `call'
actionpack (5.2.1) lib/action_dispatch/middleware/remote_ip.rb:81:in `call'
actionpack (5.2.1) lib/action_dispatch/middleware/request_id.rb:27:in `call'
rack (2.0.5) lib/rack/method_override.rb:22:in `call'
rack (2.0.5) lib/rack/runtime.rb:22:in `call'
activesupport (5.2.1) lib/active_support/cache/strategy/local_cache_middleware.rb:29:in `call'
actionpack (5.2.1) lib/action_dispatch/middleware/executor.rb:14:in `call'
actionpack (5.2.1) lib/action_dispatch/middleware/static.rb:127:in `call'
rack (2.0.5) lib/rack/sendfile.rb:111:in `call'
railties (5.2.1) lib/rails/engine.rb:524:in `call'
puma (3.12.0) lib/puma/configuration.rb:225:in `call'
puma (3.12.0) lib/puma/server.rb:658:in `handle_request'
puma (3.12.0) lib/puma/server.rb:472:in `process_client'
puma (3.12.0) lib/puma/server.rb:332:in `block in run'
puma (3.12.0) lib/puma/thread_pool.rb:133:in `block in spawn_thread'
Started GET "/url/index?utf8=%E2%9C%93&search=a" for 127.0.0.1 at 2018-10-24 01:01:26 +0900
  
ActionController::RoutingError (uninitialized constant UrlController):
  
bootsnap (1.3.2) lib/bootsnap/load_path_cache/core_ext/active_support.rb:74:in `block in load_missing_constant'
bootsnap (1.3.2) lib/bootsnap/load_path_cache/core_ext/active_support.rb:8:in `without_bootsnap_cache'
bootsnap (1.3.2) lib/bootsnap/load_path_cache/core_ext/active_support.rb:74:in `rescue in load_missing_constant'
bootsnap (1.3.2) lib/bootsnap/load_path_cache/core_ext/active_support.rb:56:in `load_missing_constant'
activesupport (5.2.1) lib/active_support/inflector/methods.rb:283:in `const_get'
activesupport (5.2.1) lib/active_support/inflector/methods.rb:283:in `block in constantize'
activesupport (5.2.1) lib/active_support/inflector/methods.rb:281:in `each'
activesupport (5.2.1) lib/active_support/inflector/methods.rb:281:in `inject'
activesupport (5.2.1) lib/active_support/inflector/methods.rb:281:in `constantize'
actionpack (5.2.1) lib/action_dispatch/http/request.rb:88:in `controller_class_for'
actionpack (5.2.1) lib/action_dispatch/http/request.rb:81:in `controller_class'
actionpack (5.2.1) lib/action_dispatch/routing/route_set.rb:46:in `controller'
actionpack (5.2.1) lib/action_dispatch/routing/route_set.rb:32:in `serve'
actionpack (5.2.1) lib/action_dispatch/journey/router.rb:52:in `block in serve'
actionpack (5.2.1) lib/action_dispatch/journey/router.rb:35:in `each'
actionpack (5.2.1) lib/action_dispatch/journey/router.rb:35:in `serve'
actionpack (5.2.1) lib/action_dispatch/routing/route_set.rb:840:in `call'
rack (2.0.5) lib/rack/tempfile_reaper.rb:15:in `call'
rack (2.0.5) lib/rack/etag.rb:25:in `call'
rack (2.0.5) lib/rack/conditional_get.rb:25:in `call'
rack (2.0.5) lib/rack/head.rb:12:in `call'
actionpack (5.2.1) lib/action_dispatch/http/content_security_policy.rb:18:in `call'
rack (2.0.5) lib/rack/session/abstract/id.rb:232:in `context'
rack (2.0.5) lib/rack/session/abstract/id.rb:226:in `call'
actionpack (5.2.1) lib/action_dispatch/middleware/cookies.rb:670:in `call'
activerecord (5.2.1) lib/active_record/migration.rb:559:in `call'
actionpack (5.2.1) lib/action_dispatch/middleware/callbacks.rb:28:in `block in call'
activesupport (5.2.1) lib/active_support/callbacks.rb:98:in `run_callbacks'
actionpack (5.2.1) lib/action_dispatch/middleware/callbacks.rb:26:in `call'
actionpack (5.2.1) lib/action_dispatch/middleware/executor.rb:14:in `call'
actionpack (5.2.1) lib/action_dispatch/middleware/debug_exceptions.rb:61:in `call'
web-console (3.7.0) lib/web_console/middleware.rb:135:in `call_app'
web-console (3.7.0) lib/web_console/middleware.rb:30:in `block in call'
web-console (3.7.0) lib/web_console/middleware.rb:20:in `catch'
web-console (3.7.0) lib/web_console/middleware.rb:20:in `call'
actionpack (5.2.1) lib/action_dispatch/middleware/show_exceptions.rb:33:in `call'
railties (5.2.1) lib/rails/rack/logger.rb:38:in `call_app'
railties (5.2.1) lib/rails/rack/logger.rb:26:in `block in call'
activesupport (5.2.1) lib/active_support/tagged_logging.rb:71:in `block in tagged'
activesupport (5.2.1) lib/active_support/tagged_logging.rb:28:in `tagged'
activesupport (5.2.1) lib/active_support/tagged_logging.rb:71:in `tagged'
railties (5.2.1) lib/rails/rack/logger.rb:26:in `call'
sprockets-rails (3.2.1) lib/sprockets/rails/quiet_assets.rb:13:in `call'
actionpack (5.2.1) lib/action_dispatch/middleware/remote_ip.rb:81:in `call'
actionpack (5.2.1) lib/action_dispatch/middleware/request_id.rb:27:in `call'
rack (2.0.5) lib/rack/method_override.rb:22:in `call'
rack (2.0.5) lib/rack/runtime.rb:22:in `call'
activesupport (5.2.1) lib/active_support/cache/strategy/local_cache_middleware.rb:29:in `call'
actionpack (5.2.1) lib/action_dispatch/middleware/executor.rb:14:in `call'
actionpack (5.2.1) lib/action_dispatch/middleware/static.rb:127:in `call'
rack (2.0.5) lib/rack/sendfile.rb:111:in `call'
railties (5.2.1) lib/rails/engine.rb:524:in `call'
puma (3.12.0) lib/puma/configuration.rb:225:in `call'
puma (3.12.0) lib/puma/server.rb:658:in `handle_request'
puma (3.12.0) lib/puma/server.rb:472:in `process_client'
puma (3.12.0) lib/puma/server.rb:332:in `block in run'
puma (3.12.0) lib/puma/thread_pool.rb:133:in `block in spawn_thread'
  [1m[35m (0.3ms)[0m  [1m[34mSELECT "schema_migrations"."version" FROM "schema_migrations" ORDER BY "schema_migrations"."version" ASC[0m
  ‚Ü≥ /home/nuts/.rbenv/versions/2.5.1/bin/rake:23
  [1m[35m (0.2ms)[0m  [1m[34mSELECT "schema_migrations"."version" FROM "schema_migrations" ORDER BY "schema_migrations"."version" ASC[0m
  ‚Ü≥ /home/nuts/.rbenv/versions/2.5.1/bin/rake:23
  [1m[35m (0.1ms)[0m  [1m[36mbegin transaction[0m
  ‚Ü≥ db/seeds.rb:9
  [1m[36mUrl Create (17.0ms)[0m  [1m[32mINSERT INTO "urls" ("url", "created_at", "updated_at") VALUES (?, ?, ?)[0m  [["url", "ÂêçÂâç 0"], ["created_at", "2018-10-23 16:10:41.478500"], ["updated_at", "2018-10-23 16:10:41.478500"]]
  ‚Ü≥ db/seeds.rb:9
  [1m[35m (20.2ms)[0m  [1m[36mcommit transaction[0m
  ‚Ü≥ db/seeds.rb:9
  [1m[35m (0.1ms)[0m  [1m[36mbegin transaction[0m
  ‚Ü≥ db/seeds.rb:9
  [1m[36mUrl Create (3.2ms)[0m  [1m[32mINSERT INTO "urls" ("url", "created_at", "updated_at") VALUES (?, ?, ?)[0m  [["url", "ÂêçÂâç 1"], ["created_at", "2018-10-23 16:10:41.517766"], ["updated_at", "2018-10-23 16:10:41.517766"]]
  ‚Ü≥ db/seeds.rb:9
  [1m[35m (18.9ms)[0m  [1m[36mcommit transaction[0m
  ‚Ü≥ db/seeds.rb:9
  [1m[35m (0.1ms)[0m  [1m[36mbegin transaction[0m
  ‚Ü≥ db/seeds.rb:9
  [1m[36mUrl Create (3.1ms)[0m  [1m[32mINSERT INTO "urls" ("url", "created_at", "updated_at") VALUES (?, ?, ?)[0m  [["url", "ÂêçÂâç 2"], ["created_at", "2018-10-23 16:10:41.541500"], ["updated_at", "2018-10-23 16:10:41.541500"]]
  ‚Ü≥ db/seeds.rb:9
  [1m[35m (18.6ms)[0m  [1m[36mcommit transaction[0m
  ‚Ü≥ db/seeds.rb:9
  [1m[35m (0.1ms)[0m  [1m[36mbegin transaction[0m
  ‚Ü≥ db/seeds.rb:9
  [1m[36mUrl Create (3.1ms)[0m  [1m[32mINSERT INTO "urls" ("url", "created_at", "updated_at") VALUES (?, ?, ?)[0m  [["url", "ÂêçÂâç 3"], ["created_at", "2018-10-23 16:10:41.564859"], ["updated_at", "2018-10-23 16:10:41.564859"]]
  ‚Ü≥ db/seeds.rb:9
  [1m[35m (19.5ms)[0m  [1m[36mcommit transaction[0m
  ‚Ü≥ db/seeds.rb:9
  [1m[35m (0.1ms)[0m  [1m[36mbegin transaction[0m
  ‚Ü≥ db/seeds.rb:9
  [1m[36mUrl Create (3.2ms)[0m  [1m[32mINSERT INTO "urls" ("url", "created_at", "updated_at") VALUES (?, ?, ?)[0m  [["url", "ÂêçÂâç 4"], ["created_at", "2018-10-23 16:10:41.589235"], ["updated_at", "2018-10-23 16:10:41.589235"]]
  ‚Ü≥ db/seeds.rb:9
  [1m[35m (18.9ms)[0m  [1m[36mcommit transaction[0m
  ‚Ü≥ db/seeds.rb:9
  [1m[35m (0.1ms)[0m  [1m[36mbegin transaction[0m
  ‚Ü≥ db/seeds.rb:9
  [1m[36mUrl Create (3.1ms)[0m  [1m[32mINSERT INTO "urls" ("url", "created_at", "updated_at") VALUES (?, ?, ?)[0m  [["url", "ÂêçÂâç 5"], ["created_at", "2018-10-23 16:10:41.613199"], ["updated_at", "2018-10-23 16:10:41.613199"]]
  ‚Ü≥ db/seeds.rb:9
  [1m[35m (20.4ms)[0m  [1m[36mcommit transaction[0m
  ‚Ü≥ db/seeds.rb:9
  [1m[35m (0.1ms)[0m  [1m[36mbegin transaction[0m
  ‚Ü≥ db/seeds.rb:9
  [1m[36mUrl Create (3.1ms)[0m  [1m[32mINSERT INTO "urls" ("url", "created_at", "updated_at") VALUES (?, ?, ?)[0m  [["url", "ÂêçÂâç 6"], ["created_at", "2018-10-23 16:10:41.638775"], ["updated_at", "2018-10-23 16:10:41.638775"]]
  ‚Ü≥ db/seeds.rb:9
  [1m[35m (19.1ms)[0m  [1m[36mcommit transaction[0m
  ‚Ü≥ db/seeds.rb:9
  [1m[35m (0.1ms)[0m  [1m[36mbegin transaction[0m
  ‚Ü≥ db/seeds.rb:9
  [1m[36mUrl Create (3.1ms)[0m  [1m[32mINSERT INTO "urls" ("url", "created_at", "updated_at") VALUES (?, ?, ?)[0m  [["url", "ÂêçÂâç 7"], ["created_at", "2018-10-23 16:10:41.663116"], ["updated_at", "2018-10-23 16:10:41.663116"]]
  ‚Ü≥ db/seeds.rb:9
  [1m[35m (18.7ms)[0m  [1m[36mcommit transaction[0m
  ‚Ü≥ db/seeds.rb:9
  [1m[35m (0.1ms)[0m  [1m[36mbegin transaction[0m
  ‚Ü≥ db/seeds.rb:9
  [1m[36mUrl Create (3.1ms)[0m  [1m[32mINSERT INTO "urls" ("url", "created_at", "updated_at") VALUES (?, ?, ?)[0m  [["url", "ÂêçÂâç 8"], ["created_at", "2018-10-23 16:10:41.686708"], ["updated_at", "2018-10-23 16:10:41.686708"]]
  ‚Ü≥ db/seeds.rb:9
  [1m[35m (19.3ms)[0m  [1m[36mcommit transaction[0m
  ‚Ü≥ db/seeds.rb:9
  [1m[35m (0.1ms)[0m  [1m[36mbegin transaction[0m
  ‚Ü≥ db/seeds.rb:9
  [1m[36mUrl Create (3.2ms)[0m  [1m[32mINSERT INTO "urls" ("url", "created_at", "updated_at") VALUES (?, ?, ?)[0m  [["url", "ÂêçÂâç 9"], ["created_at", "2018-10-23 16:10:41.710819"], ["updated_at", "2018-10-23 16:10:41.710819"]]
  ‚Ü≥ db/seeds.rb:9
  [1m[35m (19.1ms)[0m  [1m[36mcommit transaction[0m
  ‚Ü≥ db/seeds.rb:9
Started GET "/url/index?utf8=%E2%9C%93&search=0" for 127.0.0.1 at 2018-10-24 01:12:09 +0900
  
ActionController::RoutingError (uninitialized constant UrlController):
  
bootsnap (1.3.2) lib/bootsnap/load_path_cache/core_ext/active_support.rb:74:in `block in load_missing_constant'
bootsnap (1.3.2) lib/bootsnap/load_path_cache/core_ext/active_support.rb:8:in `without_bootsnap_cache'
bootsnap (1.3.2) lib/bootsnap/load_path_cache/core_ext/active_support.rb:74:in `rescue in load_missing_constant'
bootsnap (1.3.2) lib/bootsnap/load_path_cache/core_ext/active_support.rb:56:in `load_missing_constant'
activesupport (5.2.1) lib/active_support/inflector/methods.rb:283:in `const_get'
activesupport (5.2.1) lib/active_support/inflector/methods.rb:283:in `block in constantize'
activesupport (5.2.1) lib/active_support/inflector/methods.rb:281:in `each'
activesupport (5.2.1) lib/active_support/inflector/methods.rb:281:in `inject'
activesupport (5.2.1) lib/active_support/inflector/methods.rb:281:in `constantize'
actionpack (5.2.1) lib/action_dispatch/http/request.rb:88:in `controller_class_for'
actionpack (5.2.1) lib/action_dispatch/http/request.rb:81:in `controller_class'
actionpack (5.2.1) lib/action_dispatch/routing/route_set.rb:46:in `controller'
actionpack (5.2.1) lib/action_dispatch/routing/route_set.rb:32:in `serve'
actionpack (5.2.1) lib/action_dispatch/journey/router.rb:52:in `block in serve'
actionpack (5.2.1) lib/action_dispatch/journey/router.rb:35:in `each'
actionpack (5.2.1) lib/action_dispatch/journey/router.rb:35:in `serve'
actionpack (5.2.1) lib/action_dispatch/routing/route_set.rb:840:in `call'
rack (2.0.5) lib/rack/tempfile_reaper.rb:15:in `call'
rack (2.0.5) lib/rack/etag.rb:25:in `call'
rack (2.0.5) lib/rack/conditional_get.rb:25:in `call'
rack (2.0.5) lib/rack/head.rb:12:in `call'
actionpack (5.2.1) lib/action_dispatch/http/content_security_policy.rb:18:in `call'
rack (2.0.5) lib/rack/session/abstract/id.rb:232:in `context'
rack (2.0.5) lib/rack/session/abstract/id.rb:226:in `call'
actionpack (5.2.1) lib/action_dispatch/middleware/cookies.rb:670:in `call'
activerecord (5.2.1) lib/active_record/migration.rb:559:in `call'
actionpack (5.2.1) lib/action_dispatch/middleware/callbacks.rb:28:in `block in call'
activesupport (5.2.1) lib/active_support/callbacks.rb:98:in `run_callbacks'
actionpack (5.2.1) lib/action_dispatch/middleware/callbacks.rb:26:in `call'
actionpack (5.2.1) lib/action_dispatch/middleware/executor.rb:14:in `call'
actionpack (5.2.1) lib/action_dispatch/middleware/debug_exceptions.rb:61:in `call'
web-console (3.7.0) lib/web_console/middleware.rb:135:in `call_app'
web-console (3.7.0) lib/web_console/middleware.rb:30:in `block in call'
web-console (3.7.0) lib/web_console/middleware.rb:20:in `catch'
web-console (3.7.0) lib/web_console/middleware.rb:20:in `call'
actionpack (5.2.1) lib/action_dispatch/middleware/show_exceptions.rb:33:in `call'
railties (5.2.1) lib/rails/rack/logger.rb:38:in `call_app'
railties (5.2.1) lib/rails/rack/logger.rb:26:in `block in call'
activesupport (5.2.1) lib/active_support/tagged_logging.rb:71:in `block in tagged'
activesupport (5.2.1) lib/active_support/tagged_logging.rb:28:in `tagged'
activesupport (5.2.1) lib/active_support/tagged_logging.rb:71:in `tagged'
railties (5.2.1) lib/rails/rack/logger.rb:26:in `call'
sprockets-rails (3.2.1) lib/sprockets/rails/quiet_assets.rb:13:in `call'
actionpack (5.2.1) lib/action_dispatch/middleware/remote_ip.rb:81:in `call'
actionpack (5.2.1) lib/action_dispatch/middleware/request_id.rb:27:in `call'
rack (2.0.5) lib/rack/method_override.rb:22:in `call'
rack (2.0.5) lib/rack/runtime.rb:22:in `call'
activesupport (5.2.1) lib/active_support/cache/strategy/local_cache_middleware.rb:29:in `call'
actionpack (5.2.1) lib/action_dispatch/middleware/executor.rb:14:in `call'
actionpack (5.2.1) lib/action_dispatch/middleware/static.rb:127:in `call'
rack (2.0.5) lib/rack/sendfile.rb:111:in `call'
railties (5.2.1) lib/rails/engine.rb:524:in `call'
puma (3.12.0) lib/puma/configuration.rb:225:in `call'
puma (3.12.0) lib/puma/server.rb:658:in `handle_request'
puma (3.12.0) lib/puma/server.rb:472:in `process_client'
puma (3.12.0) lib/puma/server.rb:332:in `block in run'
puma (3.12.0) lib/puma/thread_pool.rb:133:in `block in spawn_thread'
Started GET "/" for 127.0.0.1 at 2018-10-24 01:20:43 +0900
Processing by TopController#index as HTML
  Rendering top/index.html.erb within layouts/application
  Rendered top/index.html.erb within layouts/application (357.1ms)
Completed 500 Internal Server Error in 446ms (ActiveRecord: 0.0ms)


  
ActionView::Template::Error (undefined local variable or method `url' for #<#<Class:0x00007fa23451d280>:0x00007fa24a37c910>
Did you mean?  URI):
    23:     <div id="wrap">
    24: 
    25:         <div class="content">
    26:             <%= form_tag url, :method => 'get' do %>
    27:               <p>
    28:                 <%= text_field_tag :search, params[:search] %>
    29:                 <%= submit_tag "Search", :name => nil %>
  
app/views/top/index.html.erb:26:in `_app_views_top_index_html_erb___1372087224587589717_70167319604540'
Started GET "/" for 127.0.0.1 at 2018-10-24 01:33:38 +0900
Started GET "/" for 127.0.0.1 at 2018-10-24 01:33:38 +0900
Processing by TopController#index as HTML
Processing by TopController#index as HTML
  Rendering top/index.html.erb within layouts/application
  Rendering top/index.html.erb within layouts/application
  Rendered top/index.html.erb within layouts/application (354.4ms)
  Rendered top/index.html.erb within layouts/application (517.7ms)
Completed 500 Internal Server Error in 686ms (ActiveRecord: 0.0ms)


Completed 500 Internal Server Error in 682ms (ActiveRecord: 0.0ms)


  
  
ActionView::Template::Error (undefined local variable or method `urls' for #<#<Class:0x00007fa23451d280>:0x00007fa24572d190>):
ActionView::Template::Error (undefined local variable or method `urls' for #<#<Class:0x00007fa23451d280>:0x00007fa2461bf770>):
    23:     <div id="wrap">
    24: 
    25:         <div class="content">
    26:             <%= form_tag urls, :method => 'get' do %>
    27:               <p>
    28:                 <%= text_field_tag :search, params[:search] %>
    29:                 <%= submit_tag "Search", :name => nil %>
    23:     <div id="wrap">
    24: 
    25:         <div class="content">
    26:             <%= form_tag urls, :method => 'get' do %>
    27:               <p>
    28:                 <%= text_field_tag :search, params[:search] %>
    29:                 <%= submit_tag "Search", :name => nil %>
  
  
app/views/top/index.html.erb:26:in `_app_views_top_index_html_erb___1372087224587589717_70167463292240'
app/views/top/index.html.erb:26:in `_app_views_top_index_html_erb___1372087224587589717_70167463292240'
Started GET "/" for 127.0.0.1 at 2018-10-24 01:34:33 +0900
  [1m[35m (1.2ms)[0m  [1m[34mSELECT "schema_migrations"."version" FROM "schema_migrations" ORDER BY "schema_migrations"."version" ASC[0m
  ‚Ü≥ /home/nuts/.rbenv/versions/2.5.1/lib/ruby/gems/2.5.0/gems/activerecord-5.2.1/lib/active_record/log_subscriber.rb:98
Processing by TopController#index as HTML
  Rendering top/index.html.erb within layouts/application
  Rendered top/index.html.erb within layouts/application (375.5ms)
Completed 500 Internal Server Error in 518ms (ActiveRecord: 0.0ms)


  
ActionView::Template::Error (undefined local variable or method `urls' for #<#<Class:0x00007fffefad7478>:0x00007fffefab6598>):
    23:     <div id="wrap">
    24: 
    25:         <div class="content">
    26:             <%= form_tag urls, :method => 'get' do %>
    27:               <p>
    28:                 <%= text_field_tag :search, params[:search] %>
    29:                 <%= submit_tag "Search", :name => nil %>
  
app/views/top/index.html.erb:26:in `_app_views_top_index_html_erb___1288012823656663698_70368607208780'
Started GET "/" for 127.0.0.1 at 2018-10-24 01:45:38 +0900
Processing by TopController#index as HTML
  Rendering top/index.html.erb within layouts/application
  Rendered top/index.html.erb within layouts/application (1.1ms)
Completed 200 OK in 584ms (Views: 580.6ms | ActiveRecord: 0.0ms)


Started GET "/style.css" for 127.0.0.1 at 2018-10-24 01:45:39 +0900
  
ActionController::RoutingError (No route matches [GET] "/style.css"):
  
actionpack (5.2.1) lib/action_dispatch/middleware/debug_exceptions.rb:65:in `call'
web-console (3.7.0) lib/web_console/middleware.rb:135:in `call_app'
web-console (3.7.0) lib/web_console/middleware.rb:30:in `block in call'
web-console (3.7.0) lib/web_console/middleware.rb:20:in `catch'
web-console (3.7.0) lib/web_console/middleware.rb:20:in `call'
actionpack (5.2.1) lib/action_dispatch/middleware/show_exceptions.rb:33:in `call'
railties (5.2.1) lib/rails/rack/logger.rb:38:in `call_app'
railties (5.2.1) lib/rails/rack/logger.rb:26:in `block in call'
activesupport (5.2.1) lib/active_support/tagged_logging.rb:71:in `block in tagged'
activesupport (5.2.1) lib/active_support/tagged_logging.rb:28:in `tagged'
activesupport (5.2.1) lib/active_support/tagged_logging.rb:71:in `tagged'
railties (5.2.1) lib/rails/rack/logger.rb:26:in `call'
sprockets-rails (3.2.1) lib/sprockets/rails/quiet_assets.rb:13:in `call'
actionpack (5.2.1) lib/action_dispatch/middleware/remote_ip.rb:81:in `call'
actionpack (5.2.1) lib/action_dispatch/middleware/request_id.rb:27:in `call'
rack (2.0.5) lib/rack/method_override.rb:22:in `call'
rack (2.0.5) lib/rack/runtime.rb:22:in `call'
activesupport (5.2.1) lib/active_support/cache/strategy/local_cache_middleware.rb:29:in `call'
actionpack (5.2.1) lib/action_dispatch/middleware/executor.rb:14:in `call'
actionpack (5.2.1) lib/action_dispatch/middleware/static.rb:127:in `call'
rack (2.0.5) lib/rack/sendfile.rb:111:in `call'
railties (5.2.1) lib/rails/engine.rb:524:in `call'
puma (3.12.0) lib/puma/configuration.rb:225:in `call'
puma (3.12.0) lib/puma/server.rb:658:in `handle_request'
puma (3.12.0) lib/puma/server.rb:472:in `process_client'
puma (3.12.0) lib/puma/server.rb:332:in `block in run'
puma (3.12.0) lib/puma/thread_pool.rb:133:in `block in spawn_thread'
Started GET "/urls?utf8=%E2%9C%93&search=a" for 127.0.0.1 at 2018-10-24 01:45:55 +0900
Processing by UrlsController#index as HTML
  Parameters: {"utf8"=>"‚úì", "search"=>"a"}
Completed 500 Internal Server Error in 18ms (ActiveRecord: 0.0ms)


  
NameError (uninitialized constant UrlsController::Post):
  
app/controllers/urls_controller.rb:3:in `index'
Started GET "/urls?utf8=%E2%9C%93&search=a" for 127.0.0.1 at 2018-10-24 01:49:12 +0900
Processing by UrlsController#index as HTML
  Parameters: {"utf8"=>"‚úì", "search"=>"a"}
  Rendering urls/index.html.erb within layouts/application
  Rendered urls/index.html.erb within layouts/application (0.7ms)
Completed 200 OK in 170ms (Views: 155.7ms | ActiveRecord: 0.0ms)


Started GET "/urls?utf8=%E2%9C%93&search=0" for 127.0.0.1 at 2018-10-24 01:49:17 +0900
Processing by UrlsController#index as HTML
  Parameters: {"utf8"=>"‚úì", "search"=>"0"}
  Rendering urls/index.html.erb within layouts/application
  Rendered urls/index.html.erb within layouts/application (0.5ms)
Completed 200 OK in 156ms (Views: 153.1ms | ActiveRecord: 0.0ms)


  [1m[35m (0.2ms)[0m  [1m[34mSELECT "schema_migrations"."version" FROM "schema_migrations" ORDER BY "schema_migrations"."version" ASC[0m
  ‚Ü≥ /home/nuts/.rbenv/versions/2.5.1/bin/rake:23
  [1m[35m (0.1ms)[0m  [1m[36mbegin transaction[0m
  ‚Ü≥ db/seeds.rb:9
  [1m[36mUrl Create (19.4ms)[0m  [1m[32mINSERT INTO "urls" ("url", "created_at", "updated_at") VALUES (?, ?, ?)[0m  [["url", "0"], ["created_at", "2018-10-23 16:49:59.424950"], ["updated_at", "2018-10-23 16:49:59.424950"]]
  ‚Ü≥ db/seeds.rb:9
  [1m[35m (20.8ms)[0m  [1m[36mcommit transaction[0m
  ‚Ü≥ db/seeds.rb:9
  [1m[35m (0.1ms)[0m  [1m[36mbegin transaction[0m
  ‚Ü≥ db/seeds.rb:9
  [1m[36mUrl Create (3.0ms)[0m  [1m[32mINSERT INTO "urls" ("url", "created_at", "updated_at") VALUES (?, ?, ?)[0m  [["url", "1"], ["created_at", "2018-10-23 16:49:59.467279"], ["updated_at", "2018-10-23 16:49:59.467279"]]
  ‚Ü≥ db/seeds.rb:9
  [1m[35m (39.1ms)[0m  [1m[36mcommit transaction[0m
  ‚Ü≥ db/seeds.rb:9
  [1m[35m (0.1ms)[0m  [1m[36mbegin transaction[0m
  ‚Ü≥ db/seeds.rb:9
  [1m[36mUrl Create (3.2ms)[0m  [1m[32mINSERT INTO "urls" ("url", "created_at", "updated_at") VALUES (?, ?, ?)[0m  [["url", "2"], ["created_at", "2018-10-23 16:49:59.511165"], ["updated_at", "2018-10-23 16:49:59.511165"]]
  ‚Ü≥ db/seeds.rb:9
  [1m[35m (32.5ms)[0m  [1m[36mcommit transaction[0m
  ‚Ü≥ db/seeds.rb:9
  [1m[35m (0.1ms)[0m  [1m[36mbegin transaction[0m
  ‚Ü≥ db/seeds.rb:9
  [1m[36mUrl Create (3.2ms)[0m  [1m[32mINSERT INTO "urls" ("url", "created_at", "updated_at") VALUES (?, ?, ?)[0m  [["url", "3"], ["created_at", "2018-10-23 16:49:59.548898"], ["updated_at", "2018-10-23 16:49:59.548898"]]
  ‚Ü≥ db/seeds.rb:9
  [1m[35m (35.5ms)[0m  [1m[36mcommit transaction[0m
  ‚Ü≥ db/seeds.rb:9
  [1m[35m (0.1ms)[0m  [1m[36mbegin transaction[0m
  ‚Ü≥ db/seeds.rb:9
  [1m[36mUrl Create (3.2ms)[0m  [1m[32mINSERT INTO "urls" ("url", "created_at", "updated_at") VALUES (?, ?, ?)[0m  [["url", "4"], ["created_at", "2018-10-23 16:49:59.589649"], ["updated_at", "2018-10-23 16:49:59.589649"]]
  ‚Ü≥ db/seeds.rb:9
  [1m[35m (19.0ms)[0m  [1m[36mcommit transaction[0m
  ‚Ü≥ db/seeds.rb:9
  [1m[35m (0.1ms)[0m  [1m[36mbegin transaction[0m
  ‚Ü≥ db/seeds.rb:9
  [1m[36mUrl Create (3.5ms)[0m  [1m[32mINSERT INTO "urls" ("url", "created_at", "updated_at") VALUES (?, ?, ?)[0m  [["url", "5"], ["created_at", "2018-10-23 16:49:59.613714"], ["updated_at", "2018-10-23 16:49:59.613714"]]
  ‚Ü≥ db/seeds.rb:9
  [1m[35m (36.8ms)[0m  [1m[36mcommit transaction[0m
  ‚Ü≥ db/seeds.rb:9
  [1m[35m (0.1ms)[0m  [1m[36mbegin transaction[0m
  ‚Ü≥ db/seeds.rb:9
  [1m[36mUrl Create (3.1ms)[0m  [1m[32mINSERT INTO "urls" ("url", "created_at", "updated_at") VALUES (?, ?, ?)[0m  [["url", "6"], ["created_at", "2018-10-23 16:49:59.655898"], ["updated_at", "2018-10-23 16:49:59.655898"]]
  ‚Ü≥ db/seeds.rb:9
  [1m[35m (18.9ms)[0m  [1m[36mcommit transaction[0m
  ‚Ü≥ db/seeds.rb:9
  [1m[35m (0.1ms)[0m  [1m[36mbegin transaction[0m
  ‚Ü≥ db/seeds.rb:9
  [1m[36mUrl Create (3.1ms)[0m  [1m[32mINSERT INTO "urls" ("url", "created_at", "updated_at") VALUES (?, ?, ?)[0m  [["url", "7"], ["created_at", "2018-10-23 16:49:59.679996"], ["updated_at", "2018-10-23 16:49:59.679996"]]
  ‚Ü≥ db/seeds.rb:9
  [1m[35m (18.7ms)[0m  [1m[36mcommit transaction[0m
  ‚Ü≥ db/seeds.rb:9
  [1m[35m (0.1ms)[0m  [1m[36mbegin transaction[0m
  ‚Ü≥ db/seeds.rb:9
  [1m[36mUrl Create (3.1ms)[0m  [1m[32mINSERT INTO "urls" ("url", "created_at", "updated_at") VALUES (?, ?, ?)[0m  [["url", "8"], ["created_at", "2018-10-23 16:49:59.703902"], ["updated_at", "2018-10-23 16:49:59.703902"]]
  ‚Ü≥ db/seeds.rb:9
  [1m[35m (20.3ms)[0m  [1m[36mcommit transaction[0m
  ‚Ü≥ db/seeds.rb:9
  [1m[35m (0.1ms)[0m  [1m[36mbegin transaction[0m
  ‚Ü≥ db/seeds.rb:9
  [1m[36mUrl Create (3.1ms)[0m  [1m[32mINSERT INTO "urls" ("url", "created_at", "updated_at") VALUES (?, ?, ?)[0m  [["url", "9"], ["created_at", "2018-10-23 16:49:59.729019"], ["updated_at", "2018-10-23 16:49:59.729019"]]
  ‚Ü≥ db/seeds.rb:9
  [1m[35m (18.7ms)[0m  [1m[36mcommit transaction[0m
  ‚Ü≥ db/seeds.rb:9
Started GET "/urls?utf8=%E2%9C%93&search=1" for 127.0.0.1 at 2018-10-24 01:50:12 +0900
Processing by UrlsController#index as HTML
  Parameters: {"utf8"=>"‚úì", "search"=>"1"}
  Rendering urls/index.html.erb within layouts/application
  Rendered urls/index.html.erb within layouts/application (0.3ms)
Completed 200 OK in 141ms (Views: 137.9ms | ActiveRecord: 0.0ms)


Started GET "/urls?utf8=%E2%9C%93&search=1" for 127.0.0.1 at 2018-10-24 01:54:14 +0900
Processing by UrlsController#index as HTML
  Parameters: {"utf8"=>"‚úì", "search"=>"1"}
  Rendering urls/index.html.erb within layouts/application
  [1m[36mUrl Load (1.3ms)[0m  [1m[34mSELECT "urls".* FROM "urls" WHERE (name LIKE '%1%')[0m
  ‚Ü≥ app/views/urls/index.html.erb:1
  Rendered urls/index.html.erb within layouts/application (7.6ms)
Completed 500 Internal Server Error in 94ms (ActiveRecord: 1.3ms)


  
ActionView::Template::Error (SQLite3::SQLException: no such column: name: SELECT "urls".* FROM "urls" WHERE (name LIKE '%1%')):
    1: <% @urls.each do |url| %>
    2:   <%= link_to url.url, url %>
    3: <% end %>
  
app/views/urls/index.html.erb:1:in `_app_views_urls_index_html_erb___4367228572219823049_70021234704960'
Started GET "/urls?utf8=%E2%9C%93&search=1" for 127.0.0.1 at 2018-10-24 01:58:42 +0900
Processing by UrlsController#index as HTML
  Parameters: {"utf8"=>"‚úì", "search"=>"1"}
  Rendering urls/index.html.erb within layouts/application
  [1m[36mUrl Load (0.7ms)[0m  [1m[34mSELECT "urls".* FROM "urls" WHERE (name LIKE '%1%')[0m
  ‚Ü≥ app/views/urls/index.html.erb:1
  Rendered urls/index.html.erb within layouts/application (6.2ms)
Completed 500 Internal Server Error in 93ms (ActiveRecord: 0.7ms)


  
ActionView::Template::Error (SQLite3::SQLException: no such column: name: SELECT "urls".* FROM "urls" WHERE (name LIKE '%1%')):
    1: <% @urls.each do |url| %>
    2:   <%= url.url %>
    3: <% end %>
  
app/views/urls/index.html.erb:1:in `_app_views_urls_index_html_erb___4367228572219823049_70021233360480'
Started GET "/urls?utf8=%E2%9C%93&search=1" for 127.0.0.1 at 2018-10-24 02:00:39 +0900
Processing by UrlsController#index as HTML
  Parameters: {"utf8"=>"‚úì", "search"=>"1"}
  Rendering urls/index.html.erb within layouts/application
  [1m[36mUrl Load (0.3ms)[0m  [1m[34mSELECT "urls".* FROM "urls" WHERE (url LIKE '%1%')[0m
  ‚Ü≥ app/views/urls/index.html.erb:1
  Rendered urls/index.html.erb within layouts/application (26.8ms)
Completed 200 OK in 204ms (Views: 170.7ms | ActiveRecord: 2.1ms)


Started GET "/" for 127.0.0.1 at 2018-10-24 02:02:34 +0900
Processing by TopController#index as HTML
  Rendering top/index.html.erb within layouts/application
  Rendered top/index.html.erb within layouts/application (1.7ms)
Completed 200 OK in 173ms (Views: 170.3ms | ActiveRecord: 0.0ms)


Started GET "/style.css" for 127.0.0.1 at 2018-10-24 02:02:35 +0900
  
ActionController::RoutingError (No route matches [GET] "/style.css"):
  
actionpack (5.2.1) lib/action_dispatch/middleware/debug_exceptions.rb:65:in `call'
web-console (3.7.0) lib/web_console/middleware.rb:135:in `call_app'
web-console (3.7.0) lib/web_console/middleware.rb:30:in `block in call'
web-console (3.7.0) lib/web_console/middleware.rb:20:in `catch'
web-console (3.7.0) lib/web_console/middleware.rb:20:in `call'
actionpack (5.2.1) lib/action_dispatch/middleware/show_exceptions.rb:33:in `call'
railties (5.2.1) lib/rails/rack/logger.rb:38:in `call_app'
railties (5.2.1) lib/rails/rack/logger.rb:26:in `block in call'
activesupport (5.2.1) lib/active_support/tagged_logging.rb:71:in `block in tagged'
activesupport (5.2.1) lib/active_support/tagged_logging.rb:28:in `tagged'
activesupport (5.2.1) lib/active_support/tagged_logging.rb:71:in `tagged'
railties (5.2.1) lib/rails/rack/logger.rb:26:in `call'
sprockets-rails (3.2.1) lib/sprockets/rails/quiet_assets.rb:13:in `call'
actionpack (5.2.1) lib/action_dispatch/middleware/remote_ip.rb:81:in `call'
actionpack (5.2.1) lib/action_dispatch/middleware/request_id.rb:27:in `call'
rack (2.0.5) lib/rack/method_override.rb:22:in `call'
rack (2.0.5) lib/rack/runtime.rb:22:in `call'
activesupport (5.2.1) lib/active_support/cache/strategy/local_cache_middleware.rb:29:in `call'
actionpack (5.2.1) lib/action_dispatch/middleware/executor.rb:14:in `call'
actionpack (5.2.1) lib/action_dispatch/middleware/static.rb:127:in `call'
rack (2.0.5) lib/rack/sendfile.rb:111:in `call'
railties (5.2.1) lib/rails/engine.rb:524:in `call'
puma (3.12.0) lib/puma/configuration.rb:225:in `call'
puma (3.12.0) lib/puma/server.rb:658:in `handle_request'
puma (3.12.0) lib/puma/server.rb:472:in `process_client'
puma (3.12.0) lib/puma/server.rb:332:in `block in run'
puma (3.12.0) lib/puma/thread_pool.rb:133:in `block in spawn_thread'
Started GET "/urls?utf8=%E2%9C%93&search=1" for 127.0.0.1 at 2018-10-24 02:02:49 +0900
Processing by UrlsController#index as HTML
  Parameters: {"utf8"=>"‚úì", "search"=>"1"}
  Rendering urls/index.html.erb within layouts/application
  [1m[36mUrl Load (0.3ms)[0m  [1m[34mSELECT "urls".* FROM "urls" WHERE (url = '%1%')[0m
  ‚Ü≥ app/views/urls/index.html.erb:1
  Rendered urls/index.html.erb within layouts/application (2.9ms)
Completed 200 OK in 188ms (Views: 146.1ms | ActiveRecord: 1.0ms)


Started GET "/urls?utf8=%E2%9C%93&search=0" for 127.0.0.1 at 2018-10-24 02:02:55 +0900
Processing by UrlsController#index as HTML
  Parameters: {"utf8"=>"‚úì", "search"=>"0"}
  Rendering urls/index.html.erb within layouts/application
  [1m[36mUrl Load (0.2ms)[0m  [1m[34mSELECT "urls".* FROM "urls" WHERE (url = '%0%')[0m
  ‚Ü≥ app/views/urls/index.html.erb:1
  Rendered urls/index.html.erb within layouts/application (1.6ms)
Completed 200 OK in 141ms (Views: 138.3ms | ActiveRecord: 0.2ms)


Started GET "/" for 127.0.0.1 at 2018-10-24 02:04:02 +0900
Processing by TopController#index as HTML
  Rendering top/index.html.erb within layouts/application
  Rendered top/index.html.erb within layouts/application (1.6ms)
Completed 200 OK in 174ms (Views: 171.4ms | ActiveRecord: 0.0ms)


Started GET "/style.css" for 127.0.0.1 at 2018-10-24 02:04:02 +0900
  
ActionController::RoutingError (No route matches [GET] "/style.css"):
  
actionpack (5.2.1) lib/action_dispatch/middleware/debug_exceptions.rb:65:in `call'
web-console (3.7.0) lib/web_console/middleware.rb:135:in `call_app'
web-console (3.7.0) lib/web_console/middleware.rb:30:in `block in call'
web-console (3.7.0) lib/web_console/middleware.rb:20:in `catch'
web-console (3.7.0) lib/web_console/middleware.rb:20:in `call'
actionpack (5.2.1) lib/action_dispatch/middleware/show_exceptions.rb:33:in `call'
railties (5.2.1) lib/rails/rack/logger.rb:38:in `call_app'
railties (5.2.1) lib/rails/rack/logger.rb:26:in `block in call'
activesupport (5.2.1) lib/active_support/tagged_logging.rb:71:in `block in tagged'
activesupport (5.2.1) lib/active_support/tagged_logging.rb:28:in `tagged'
activesupport (5.2.1) lib/active_support/tagged_logging.rb:71:in `tagged'
railties (5.2.1) lib/rails/rack/logger.rb:26:in `call'
sprockets-rails (3.2.1) lib/sprockets/rails/quiet_assets.rb:13:in `call'
actionpack (5.2.1) lib/action_dispatch/middleware/remote_ip.rb:81:in `call'
actionpack (5.2.1) lib/action_dispatch/middleware/request_id.rb:27:in `call'
rack (2.0.5) lib/rack/method_override.rb:22:in `call'
rack (2.0.5) lib/rack/runtime.rb:22:in `call'
activesupport (5.2.1) lib/active_support/cache/strategy/local_cache_middleware.rb:29:in `call'
actionpack (5.2.1) lib/action_dispatch/middleware/executor.rb:14:in `call'
actionpack (5.2.1) lib/action_dispatch/middleware/static.rb:127:in `call'
rack (2.0.5) lib/rack/sendfile.rb:111:in `call'
railties (5.2.1) lib/rails/engine.rb:524:in `call'
puma (3.12.0) lib/puma/configuration.rb:225:in `call'
puma (3.12.0) lib/puma/server.rb:658:in `handle_request'
puma (3.12.0) lib/puma/server.rb:472:in `process_client'
puma (3.12.0) lib/puma/server.rb:332:in `block in run'
puma (3.12.0) lib/puma/thread_pool.rb:133:in `block in spawn_thread'
Started GET "/urls?utf8=%E2%9C%93&search=1" for 127.0.0.1 at 2018-10-24 02:04:18 +0900
Processing by UrlsController#index as HTML
  Parameters: {"utf8"=>"‚úì", "search"=>"1"}
  Rendering urls/index.html.erb within layouts/application
  [1m[36mUrl Load (0.4ms)[0m  [1m[34mSELECT "urls".* FROM "urls" WHERE (url like '%1%')[0m
  ‚Ü≥ app/views/urls/index.html.erb:1
  Rendered urls/index.html.erb within layouts/application (10.1ms)
Completed 200 OK in 182ms (Views: 144.8ms | ActiveRecord: 1.8ms)


Started GET "/urls?utf8=%E2%9C%93&search=1" for 127.0.0.1 at 2018-10-24 02:08:33 +0900
Processing by UrlsController#index as HTML
  Parameters: {"utf8"=>"‚úì", "search"=>"1"}
  Rendering urls/index.html.erb within layouts/application
  [1m[36mUrl Load (0.3ms)[0m  [1m[34mSELECT "urls".* FROM "urls" WHERE (url = '1')[0m
  ‚Ü≥ app/views/urls/index.html.erb:1
  Rendered urls/index.html.erb within layouts/application (7.7ms)
Completed 200 OK in 180ms (Views: 145.5ms | ActiveRecord: 1.5ms)


Started GET "/urls?utf8=%E2%9C%93&search=0" for 127.0.0.1 at 2018-10-24 02:08:38 +0900
Processing by UrlsController#index as HTML
  Parameters: {"utf8"=>"‚úì", "search"=>"0"}
  Rendering urls/index.html.erb within layouts/application
  [1m[36mUrl Load (0.4ms)[0m  [1m[34mSELECT "urls".* FROM "urls" WHERE (url = '0')[0m
  ‚Ü≥ app/views/urls/index.html.erb:1
  Rendered urls/index.html.erb within layouts/application (2.9ms)
Completed 200 OK in 151ms (Views: 147.0ms | ActiveRecord: 0.4ms)


Started GET "/" for 127.0.0.1 at 2018-10-24 02:18:13 +0900
Processing by TopController#index as HTML
  Rendering top/index.html.erb within layouts/application
  Rendered top/index.html.erb within layouts/application (2.2ms)
Completed 200 OK in 192ms (Views: 188.3ms | ActiveRecord: 0.0ms)


Started GET "/style.css" for 127.0.0.1 at 2018-10-24 02:18:13 +0900
  
ActionController::RoutingError (No route matches [GET] "/style.css"):
  
actionpack (5.2.1) lib/action_dispatch/middleware/debug_exceptions.rb:65:in `call'
web-console (3.7.0) lib/web_console/middleware.rb:135:in `call_app'
web-console (3.7.0) lib/web_console/middleware.rb:30:in `block in call'
web-console (3.7.0) lib/web_console/middleware.rb:20:in `catch'
web-console (3.7.0) lib/web_console/middleware.rb:20:in `call'
actionpack (5.2.1) lib/action_dispatch/middleware/show_exceptions.rb:33:in `call'
railties (5.2.1) lib/rails/rack/logger.rb:38:in `call_app'
railties (5.2.1) lib/rails/rack/logger.rb:26:in `block in call'
activesupport (5.2.1) lib/active_support/tagged_logging.rb:71:in `block in tagged'
activesupport (5.2.1) lib/active_support/tagged_logging.rb:28:in `tagged'
activesupport (5.2.1) lib/active_support/tagged_logging.rb:71:in `tagged'
railties (5.2.1) lib/rails/rack/logger.rb:26:in `call'
sprockets-rails (3.2.1) lib/sprockets/rails/quiet_assets.rb:13:in `call'
actionpack (5.2.1) lib/action_dispatch/middleware/remote_ip.rb:81:in `call'
actionpack (5.2.1) lib/action_dispatch/middleware/request_id.rb:27:in `call'
rack (2.0.5) lib/rack/method_override.rb:22:in `call'
rack (2.0.5) lib/rack/runtime.rb:22:in `call'
activesupport (5.2.1) lib/active_support/cache/strategy/local_cache_middleware.rb:29:in `call'
actionpack (5.2.1) lib/action_dispatch/middleware/executor.rb:14:in `call'
actionpack (5.2.1) lib/action_dispatch/middleware/static.rb:127:in `call'
rack (2.0.5) lib/rack/sendfile.rb:111:in `call'
railties (5.2.1) lib/rails/engine.rb:524:in `call'
puma (3.12.0) lib/puma/configuration.rb:225:in `call'
puma (3.12.0) lib/puma/server.rb:658:in `handle_request'
puma (3.12.0) lib/puma/server.rb:472:in `process_client'
puma (3.12.0) lib/puma/server.rb:332:in `block in run'
puma (3.12.0) lib/puma/thread_pool.rb:133:in `block in spawn_thread'
Started GET "/urls?utf8=%E2%9C%93&search=a" for 127.0.0.1 at 2018-10-24 02:18:28 +0900
  
SyntaxError (/home/nuts/ToiDAS/app/controllers/urls_controller.rb:14: syntax error, unexpected end-of-input, expecting keyword_end):
  
app/controllers/urls_controller.rb:14: syntax error, unexpected end-of-input, expecting keyword_end
Started GET "/urls?utf8=%E2%9C%93&search=a" for 127.0.0.1 at 2018-10-24 02:19:15 +0900
Processing by UrlsController#index as HTML
  Parameters: {"utf8"=>"‚úì", "search"=>"a"}
  Rendering urls/index.html.erb within layouts/application
  [1m[36mUrl Load (0.3ms)[0m  [1m[34mSELECT "urls".* FROM "urls" WHERE (url = 'a')[0m
  ‚Ü≥ app/views/urls/index.html.erb:1
  Rendered urls/index.html.erb within layouts/application (4.0ms)
Completed 200 OK in 152ms (Views: 138.5ms | ActiveRecord: 0.8ms)


Started GET "/urls?utf8=%E2%9C%93&search=1" for 127.0.0.1 at 2018-10-24 02:19:52 +0900
Processing by UrlsController#index as HTML
  Parameters: {"utf8"=>"‚úì", "search"=>"1"}
  Rendering urls/index.html.erb within layouts/application
  [1m[36mUrl Load (0.4ms)[0m  [1m[34mSELECT "urls".* FROM "urls" WHERE (url = '1')[0m
  ‚Ü≥ app/views/urls/index.html.erb:1
  Rendered urls/index.html.erb within layouts/application (8.9ms)
Completed 200 OK in 176ms (Views: 169.6ms | ActiveRecord: 1.4ms)


Started GET "/urls?utf8=%E2%9C%93&search=a" for 127.0.0.1 at 2018-10-24 02:19:56 +0900
Processing by UrlsController#index as HTML
  Parameters: {"utf8"=>"‚úì", "search"=>"a"}
  Rendering urls/index.html.erb within layouts/application
  [1m[36mUrl Load (0.4ms)[0m  [1m[34mSELECT "urls".* FROM "urls" WHERE (url = 'a')[0m
  ‚Ü≥ app/views/urls/index.html.erb:1
  Rendered urls/index.html.erb within layouts/application (3.7ms)
Completed 200 OK in 179ms (Views: 173.8ms | ActiveRecord: 0.4ms)


Started GET "/urls?utf8=%E2%9C%93&search=a" for 127.0.0.1 at 2018-10-24 02:27:46 +0900
Processing by UrlsController#index as HTML
  Parameters: {"utf8"=>"‚úì", "search"=>"a"}
  [1m[36mUrl Load (0.3ms)[0m  [1m[34mSELECT "urls".* FROM "urls" WHERE (url = 'a')[0m
  ‚Ü≥ app/controllers/urls_controller.rb:4
  Rendering urls/index.html.erb within layouts/application
  Rendered urls/index.html.erb within layouts/application (0.5ms)
Completed 200 OK in 182ms (Views: 162.3ms | ActiveRecord: 1.3ms)


Started GET "/urls?utf8=%E2%9C%93&search=a" for 127.0.0.1 at 2018-10-24 02:27:50 +0900
Processing by UrlsController#index as HTML
  Parameters: {"utf8"=>"‚úì", "search"=>"a"}
  [1m[36mUrl Load (0.4ms)[0m  [1m[34mSELECT "urls".* FROM "urls" WHERE (url = 'a')[0m
  ‚Ü≥ app/controllers/urls_controller.rb:4
  Rendering urls/index.html.erb within layouts/application
  Rendered urls/index.html.erb within layouts/application (1.0ms)
Completed 200 OK in 171ms (Views: 158.3ms | ActiveRecord: 0.4ms)


Started GET "/urls?utf8=%E2%9C%93&search=0" for 127.0.0.1 at 2018-10-24 02:27:59 +0900
Processing by UrlsController#index as HTML
  Parameters: {"utf8"=>"‚úì", "search"=>"0"}
  [1m[36mUrl Load (0.3ms)[0m  [1m[34mSELECT "urls".* FROM "urls" WHERE (url = '0')[0m
  ‚Ü≥ app/controllers/urls_controller.rb:4
  [1m[35m (0.1ms)[0m  [1m[36mbegin transaction[0m
  ‚Ü≥ app/controllers/urls_controller.rb:5
  [1m[36mUrl Create (7.1ms)[0m  [1m[32mINSERT INTO "urls" ("url", "created_at", "updated_at") VALUES (?, ?, ?)[0m  [["url", "0"], ["created_at", "2018-10-23 17:27:59.762343"], ["updated_at", "2018-10-23 17:27:59.762343"]]
  ‚Ü≥ app/controllers/urls_controller.rb:5
  [1m[35m (28.8ms)[0m  [1m[36mcommit transaction[0m
  ‚Ü≥ app/controllers/urls_controller.rb:5
  Rendering urls/index.html.erb within layouts/application
  Rendered urls/index.html.erb within layouts/application (7.5ms)
Completed 500 Internal Server Error in 160ms (ActiveRecord: 37.5ms)


  
ActionView::Template::Error (undefined method `each' for #<Url:0x00007f5e35df4ab8>):
    1: <% @urls.each do |url| %>
    2:   <%= url.url %>
    3: <% end %>
  
app/views/urls/index.html.erb:1:in `_app_views_urls_index_html_erb___4367228572219823049_70021234892840'
Started GET "/urls?utf8=%E2%9C%93&search=0" for 127.0.0.1 at 2018-10-24 02:28:46 +0900
Processing by UrlsController#index as HTML
  Parameters: {"utf8"=>"‚úì", "search"=>"0"}
  [1m[36mUrl Load (0.3ms)[0m  [1m[34mSELECT "urls".* FROM "urls" WHERE (url = '0')[0m
  ‚Ü≥ app/controllers/urls_controller.rb:4
  Rendering urls/index.html.erb within layouts/application
  Rendered urls/index.html.erb within layouts/application (0.6ms)
Completed 200 OK in 172ms (Views: 144.0ms | ActiveRecord: 1.3ms)


Started GET "/urls?utf8=%E2%9C%93&search=1" for 127.0.0.1 at 2018-10-24 02:28:51 +0900
Processing by UrlsController#index as HTML
  Parameters: {"utf8"=>"‚úì", "search"=>"1"}
  [1m[36mUrl Load (0.3ms)[0m  [1m[34mSELECT "urls".* FROM "urls" WHERE (url = '1')[0m
  ‚Ü≥ app/controllers/urls_controller.rb:4
  Rendering urls/index.html.erb within layouts/application
  Rendered urls/index.html.erb within layouts/application (0.4ms)
Completed 200 OK in 161ms (Views: 153.7ms | ActiveRecord: 0.3ms)


Started GET "/urls?utf8=%E2%9C%93&search=a" for 127.0.0.1 at 2018-10-24 02:28:54 +0900
Processing by UrlsController#index as HTML
  Parameters: {"utf8"=>"‚úì", "search"=>"a"}
  [1m[36mUrl Load (0.4ms)[0m  [1m[34mSELECT "urls".* FROM "urls" WHERE (url = 'a')[0m
  ‚Ü≥ app/controllers/urls_controller.rb:4
  [1m[35m (0.1ms)[0m  [1m[36mbegin transaction[0m
  ‚Ü≥ app/controllers/urls_controller.rb:5
  [1m[36mUrl Create (7.0ms)[0m  [1m[32mINSERT INTO "urls" ("url", "created_at", "updated_at") VALUES (?, ?, ?)[0m  [["url", "a"], ["created_at", "2018-10-23 17:28:54.749490"], ["updated_at", "2018-10-23 17:28:54.749490"]]
  ‚Ü≥ app/controllers/urls_controller.rb:5
  [1m[35m (21.2ms)[0m  [1m[36mcommit transaction[0m
  ‚Ü≥ app/controllers/urls_controller.rb:5
  Rendering urls/index.html.erb within layouts/application
  Rendered urls/index.html.erb within layouts/application (5.9ms)
Completed 500 Internal Server Error in 138ms (ActiveRecord: 28.8ms)


  
ActionView::Template::Error (undefined method `each' for #<Url:0x00007f5e2809f370>):
    1: <% @urls.each do |url| %>
    2:   <%= url.url %>
    3: <% end %>
  
app/views/urls/index.html.erb:1:in `_app_views_urls_index_html_erb___4367228572219823049_70021187674840'
Started GET "/urls?utf8=%E2%9C%93&search=c" for 127.0.0.1 at 2018-10-24 02:31:00 +0900
Processing by UrlsController#index as HTML
  Parameters: {"utf8"=>"‚úì", "search"=>"c"}
  [1m[36mUrl Load (0.3ms)[0m  [1m[34mSELECT "urls".* FROM "urls" WHERE (url = 'c')[0m
  ‚Ü≥ app/controllers/urls_controller.rb:4
Completed 500 Internal Server Error in 15ms (ActiveRecord: 1.1ms)


  
NoMethodError (undefined method `create' for nil:NilClass):
  
app/controllers/urls_controller.rb:5:in `index'
Started GET "/urls?utf8=%E2%9C%93&search=d" for 127.0.0.1 at 2018-10-24 02:36:30 +0900
Processing by UrlsController#index as HTML
  Parameters: {"utf8"=>"‚úì", "search"=>"d"}
  [1m[36mUrl Load (0.3ms)[0m  [1m[34mSELECT "urls".* FROM "urls" WHERE (url = 'd')[0m
  ‚Ü≥ app/controllers/urls_controller.rb:4
Completed 500 Internal Server Error in 15ms (ActiveRecord: 1.2ms)


  
NoMethodError (undefined method `create' for nil:NilClass):
  
app/controllers/urls_controller.rb:5:in `index'
Started GET "/urls?utf8=%E2%9C%93&search=b" for 127.0.0.1 at 2018-10-24 02:40:23 +0900
Processing by UrlsController#index as HTML
  Parameters: {"utf8"=>"‚úì", "search"=>"b"}
  [1m[36mUrl Load (0.3ms)[0m  [1m[34mSELECT "urls".* FROM "urls" WHERE (url = 'b')[0m
  ‚Ü≥ app/controllers/urls_controller.rb:4
Completed 500 Internal Server Error in 14ms (ActiveRecord: 0.7ms)


  
NoMethodError (undefined method `create' for nil:NilClass):
  
app/controllers/urls_controller.rb:5:in `index'
Started GET "/urls?utf8=%E2%9C%93&search=b" for 127.0.0.1 at 2018-10-24 02:41:33 +0900
Processing by UrlsController#index as HTML
  Parameters: {"utf8"=>"‚úì", "search"=>"b"}
  [1m[36mUrl Load (0.3ms)[0m  [1m[34mSELECT "urls".* FROM "urls" WHERE (url = 'b')[0m
  ‚Ü≥ app/controllers/urls_controller.rb:4
  [1m[35m (0.1ms)[0m  [1m[36mbegin transaction[0m
  ‚Ü≥ app/controllers/urls_controller.rb:5
  [1m[36mUrl Create (3.6ms)[0m  [1m[32mINSERT INTO "urls" ("url", "created_at", "updated_at") VALUES (?, ?, ?)[0m  [["url", "b"], ["created_at", "2018-10-23 17:41:33.818841"], ["updated_at", "2018-10-23 17:41:33.818841"]]
  ‚Ü≥ app/controllers/urls_controller.rb:5
  [1m[35m (22.9ms)[0m  [1m[36mcommit transaction[0m
  ‚Ü≥ app/controllers/urls_controller.rb:5
  Rendering urls/index.html.erb within layouts/application
  Rendered urls/index.html.erb within layouts/application (5.9ms)
Completed 500 Internal Server Error in 140ms (ActiveRecord: 28.4ms)


  
ActionView::Template::Error (undefined method `each' for #<Url:0x00007f5e2cf9a1a0>):
    1: <% @urls.each do |url| %>
    2:   <%= url.url %>
    3: <% end %>
  
app/views/urls/index.html.erb:1:in `_app_views_urls_index_html_erb___4367228572219823049_70021224951100'
Started GET "/urls?utf8=%E2%9C%93&search=b" for 127.0.0.1 at 2018-10-24 02:42:43 +0900
Processing by UrlsController#index as HTML
  Parameters: {"utf8"=>"‚úì", "search"=>"b"}
  [1m[36mUrl Load (0.3ms)[0m  [1m[34mSELECT "urls".* FROM "urls" WHERE (url = 'b')[0m
  ‚Ü≥ app/controllers/urls_controller.rb:4
  Rendering urls/index.html.erb within layouts/application
  Rendered urls/index.html.erb within layouts/application (4.1ms)
Completed 500 Internal Server Error in 95ms (ActiveRecord: 0.3ms)


  
ActionView::Template::Error (undefined method `url' for nil:NilClass):
    1: <%= @url.url %>
  
app/views/urls/index.html.erb:1:in `_app_views_urls_index_html_erb___4367228572219823049_70021234598920'
Started GET "/urls?utf8=%E2%9C%93&search=b" for 127.0.0.1 at 2018-10-24 02:43:06 +0900
Processing by UrlsController#index as HTML
  Parameters: {"utf8"=>"‚úì", "search"=>"b"}
  [1m[36mUrl Load (0.3ms)[0m  [1m[34mSELECT "urls".* FROM "urls" WHERE (url = 'b')[0m
  ‚Ü≥ app/controllers/urls_controller.rb:4
  Rendering urls/index.html.erb within layouts/application
  Rendered urls/index.html.erb within layouts/application (7.0ms)
Completed 500 Internal Server Error in 95ms (ActiveRecord: 0.3ms)


  
ActionView::Template::Error (undefined method `url' for #<Url::ActiveRecord_Relation:0x00007f5e2cb66048>):
    1: <%= @urls.url %>
  
app/views/urls/index.html.erb:1:in `_app_views_urls_index_html_erb___4367228572219823049_70021222504140'
Started GET "/urls?utf8=%E2%9C%93&search=1" for 127.0.0.1 at 2018-10-24 02:44:03 +0900
Processing by UrlsController#index as HTML
  Parameters: {"utf8"=>"‚úì", "search"=>"1"}
  [1m[36mUrl Load (0.3ms)[0m  [1m[34mSELECT "urls".* FROM "urls" WHERE (url = '1')[0m
  ‚Ü≥ app/controllers/urls_controller.rb:4
  Rendering urls/index.html.erb within layouts/application
  Rendered urls/index.html.erb within layouts/application (7.2ms)
Completed 500 Internal Server Error in 109ms (ActiveRecord: 0.3ms)


  
ActionView::Template::Error (undefined method `url' for #<Url::ActiveRecord_Relation:0x00007f5e2cee1f10>):
    1: <%= @urls.url %>
  
app/views/urls/index.html.erb:1:in `_app_views_urls_index_html_erb___4367228572219823049_70021228655900'
Started GET "/urls?utf8=%E2%9C%93&search=1" for 127.0.0.1 at 2018-10-24 02:46:01 +0900
Processing by UrlsController#index as HTML
  Parameters: {"utf8"=>"‚úì", "search"=>"1"}
  [1m[36mUrl Load (0.7ms)[0m  [1m[34mSELECT "urls".* FROM "urls" WHERE (url = '1')[0m
  ‚Ü≥ app/controllers/urls_controller.rb:4
  Rendering urls/index.html.erb within layouts/application
  Rendered urls/index.html.erb within layouts/application (1.2ms)
Completed 200 OK in 174ms (Views: 161.6ms | ActiveRecord: 0.7ms)


Started GET "/urls?utf8=%E2%9C%93&search=b" for 127.0.0.1 at 2018-10-24 02:46:05 +0900
Processing by UrlsController#index as HTML
  Parameters: {"utf8"=>"‚úì", "search"=>"b"}
  [1m[36mUrl Load (0.4ms)[0m  [1m[34mSELECT "urls".* FROM "urls" WHERE (url = 'b')[0m
  ‚Ü≥ app/controllers/urls_controller.rb:4
  Rendering urls/index.html.erb within layouts/application
  Rendered urls/index.html.erb within layouts/application (1.0ms)
Completed 200 OK in 169ms (Views: 150.4ms | ActiveRecord: 0.4ms)


Started GET "/urls?utf8=%E2%9C%93&search=c" for 127.0.0.1 at 2018-10-24 02:46:09 +0900
Processing by UrlsController#index as HTML
  Parameters: {"utf8"=>"‚úì", "search"=>"c"}
  [1m[36mUrl Load (12.9ms)[0m  [1m[34mSELECT "urls".* FROM "urls" WHERE (url = 'c')[0m
  ‚Ü≥ app/controllers/urls_controller.rb:4
  [1m[35m (0.6ms)[0m  [1m[36mbegin transaction[0m
  ‚Ü≥ app/controllers/urls_controller.rb:5
  [1m[36mUrl Create (4.5ms)[0m  [1m[32mINSERT INTO "urls" ("url", "created_at", "updated_at") VALUES (?, ?, ?)[0m  [["url", "c"], ["created_at", "2018-10-23 17:46:09.262271"], ["updated_at", "2018-10-23 17:46:09.262271"]]
  ‚Ü≥ app/controllers/urls_controller.rb:5
  [1m[35m (21.8ms)[0m  [1m[36mcommit transaction[0m
  ‚Ü≥ app/controllers/urls_controller.rb:5
  Rendering urls/index.html.erb within layouts/application
  Rendered urls/index.html.erb within layouts/application (6.0ms)
Completed 500 Internal Server Error in 166ms (ActiveRecord: 39.8ms)


  
ActionView::Template::Error (undefined method `each' for #<Url:0x00007f5e2810cbf0>):
    1: <% @urls.each do |url| %>
    2:   <%= url.url %>
    3: <% end %>
  
app/views/urls/index.html.erb:1:in `_app_views_urls_index_html_erb___4367228572219823049_70021298757560'
Started GET "/urls?utf8=%E2%9C%93&search=d" for 127.0.0.1 at 2018-10-24 02:46:57 +0900
Processing by UrlsController#index as HTML
  Parameters: {"utf8"=>"‚úì", "search"=>"d"}
  [1m[36mUrl Load (0.3ms)[0m  [1m[34mSELECT "urls".* FROM "urls" WHERE (url = 'd')[0m
  ‚Ü≥ app/controllers/urls_controller.rb:4
Completed 500 Internal Server Error in 21ms (ActiveRecord: 2.5ms)


  
NoMethodError (undefined method `create' for nil:NilClass):
  
app/controllers/urls_controller.rb:5:in `index'
Started GET "/urls?utf8=%E2%9C%93&search=d" for 127.0.0.1 at 2018-10-24 02:47:21 +0900
Processing by UrlsController#index as HTML
  Parameters: {"utf8"=>"‚úì", "search"=>"d"}
  [1m[36mUrl Load (0.3ms)[0m  [1m[34mSELECT "urls".* FROM "urls" WHERE (url = 'd')[0m
  ‚Ü≥ app/controllers/urls_controller.rb:4
  [1m[35m (0.1ms)[0m  [1m[36mbegin transaction[0m
  ‚Ü≥ app/controllers/urls_controller.rb:5
  [1m[36mUrl Create (4.0ms)[0m  [1m[32mINSERT INTO "urls" ("url", "created_at", "updated_at") VALUES (?, ?, ?)[0m  [["url", "d"], ["created_at", "2018-10-23 17:47:22.043400"], ["updated_at", "2018-10-23 17:47:22.043400"]]
  ‚Ü≥ app/controllers/urls_controller.rb:5
  [1m[35m (24.5ms)[0m  [1m[36mcommit transaction[0m
  ‚Ü≥ app/controllers/urls_controller.rb:5
  Rendering urls/index.html.erb within layouts/application
  [1m[36mUrl Load (0.3ms)[0m  [1m[34mSELECT "urls".* FROM "urls" WHERE (url = 'd')[0m
  ‚Ü≥ app/views/urls/index.html.erb:1
  Rendered urls/index.html.erb within layouts/application (3.3ms)
Completed 200 OK in 236ms (Views: 156.5ms | ActiveRecord: 33.6ms)


Started GET "/urls?utf8=%E2%9C%93&search=e" for 127.0.0.1 at 2018-10-24 02:47:25 +0900
Processing by UrlsController#index as HTML
  Parameters: {"utf8"=>"‚úì", "search"=>"e"}
  [1m[36mUrl Load (0.6ms)[0m  [1m[34mSELECT "urls".* FROM "urls" WHERE (url = 'e')[0m
  ‚Ü≥ app/controllers/urls_controller.rb:4
  [1m[35m (0.9ms)[0m  [1m[36mbegin transaction[0m
  ‚Ü≥ app/controllers/urls_controller.rb:5
  [1m[36mUrl Create (4.0ms)[0m  [1m[32mINSERT INTO "urls" ("url", "created_at", "updated_at") VALUES (?, ?, ?)[0m  [["url", "e"], ["created_at", "2018-10-23 17:47:25.734935"], ["updated_at", "2018-10-23 17:47:25.734935"]]
  ‚Ü≥ app/controllers/urls_controller.rb:5
  [1m[35m (22.8ms)[0m  [1m[36mcommit transaction[0m
  ‚Ü≥ app/controllers/urls_controller.rb:5
  Rendering urls/index.html.erb within layouts/application
  [1m[36mUrl Load (0.3ms)[0m  [1m[34mSELECT "urls".* FROM "urls" WHERE (url = 'e')[0m
  ‚Ü≥ app/views/urls/index.html.erb:1
  Rendered urls/index.html.erb within layouts/application (3.1ms)
Completed 200 OK in 217ms (Views: 151.7ms | ActiveRecord: 28.6ms)


Started GET "/urls?utf8=%E2%9C%93&search=f" for 127.0.0.1 at 2018-10-24 02:47:29 +0900
Processing by UrlsController#index as HTML
  Parameters: {"utf8"=>"‚úì", "search"=>"f"}
  [1m[36mUrl Load (0.6ms)[0m  [1m[34mSELECT "urls".* FROM "urls" WHERE (url = 'f')[0m
  ‚Ü≥ app/controllers/urls_controller.rb:4
  [1m[35m (0.7ms)[0m  [1m[36mbegin transaction[0m
  ‚Ü≥ app/controllers/urls_controller.rb:5
  [1m[36mUrl Create (5.6ms)[0m  [1m[32mINSERT INTO "urls" ("url", "created_at", "updated_at") VALUES (?, ?, ?)[0m  [["url", "f"], ["created_at", "2018-10-23 17:47:29.440127"], ["updated_at", "2018-10-23 17:47:29.440127"]]
  ‚Ü≥ app/controllers/urls_controller.rb:5
  [1m[35m (26.4ms)[0m  [1m[36mcommit transaction[0m
  ‚Ü≥ app/controllers/urls_controller.rb:5
  Rendering urls/index.html.erb within layouts/application
  [1m[36mUrl Load (0.3ms)[0m  [1m[34mSELECT "urls".* FROM "urls" WHERE (url = 'f')[0m
  ‚Ü≥ app/views/urls/index.html.erb:1
  Rendered urls/index.html.erb within layouts/application (3.0ms)
Completed 200 OK in 216ms (Views: 147.4ms | ActiveRecord: 33.6ms)


  [1m[35m (0.6ms)[0m  [1m[34mSELECT "schema_migrations"."version" FROM "schema_migrations" ORDER BY "schema_migrations"."version" ASC[0m
  ‚Ü≥ /home/nuts/.rbenv/versions/2.5.1/bin/rake:23
  [1m[35m (0.3ms)[0m  [1m[34mSELECT "ar_internal_metadata"."value" FROM "ar_internal_metadata" WHERE "ar_internal_metadata"."key" = ?[0m  [["key", "environment"]]
  ‚Ü≥ /home/nuts/.rbenv/versions/2.5.1/bin/rake:23
  [1m[35m (0.1ms)[0m  [1m[34mSELECT "schema_migrations"."version" FROM "schema_migrations" ORDER BY "schema_migrations"."version" ASC[0m
  ‚Ü≥ /home/nuts/.rbenv/versions/2.5.1/bin/rake:23
  [1m[35m (0.1ms)[0m  [1m[34mSELECT "ar_internal_metadata"."value" FROM "ar_internal_metadata" WHERE "ar_internal_metadata"."key" = ?[0m  [["key", "environment"]]
  ‚Ü≥ /home/nuts/.rbenv/versions/2.5.1/bin/rake:23
  [1m[35m (0.1ms)[0m  [1m[34mSELECT "schema_migrations"."version" FROM "schema_migrations" ORDER BY "schema_migrations"."version" ASC[0m
  ‚Ü≥ /home/nuts/.rbenv/versions/2.5.1/bin/rake:23
  [1m[35m (0.1ms)[0m  [1m[34mSELECT "ar_internal_metadata"."value" FROM "ar_internal_metadata" WHERE "ar_internal_metadata"."key" = ?[0m  [["key", "environment"]]
  ‚Ü≥ /home/nuts/.rbenv/versions/2.5.1/bin/rake:23
  [1m[35m (0.2ms)[0m  [1m[35mDROP TABLE IF EXISTS "qestions"[0m
  ‚Ü≥ db/schema.rb:15
  [1m[35m (0.1ms)[0m  [1m[34mSELECT sqlite_version(*)[0m
  ‚Ü≥ db/schema.rb:15
  [1m[35m (51.4ms)[0m  [1m[35mCREATE TABLE "qestions" ("id" integer PRIMARY KEY AUTOINCREMENT NOT NULL, "qestion" varchar, "yes" integer, "no" integer, "url_id" integer, "created_at" datetime NOT NULL, "updated_at" datetime NOT NULL)[0m
  ‚Ü≥ db/schema.rb:15
  [1m[35m (24.4ms)[0m  [1m[35mCREATE  INDEX "index_qestions_on_url_id" ON "qestions" ("url_id")[0m
  ‚Ü≥ db/schema.rb:15
  [1m[35m (0.6ms)[0m  [1m[35mDROP TABLE IF EXISTS "urls"[0m
  ‚Ü≥ db/schema.rb:25
  [1m[35m (26.8ms)[0m  [1m[35mCREATE TABLE "urls" ("id" integer PRIMARY KEY AUTOINCREMENT NOT NULL, "url" varchar, "created_at" datetime NOT NULL, "updated_at" datetime NOT NULL)[0m
  ‚Ü≥ db/schema.rb:25
  [1m[35m (25.6ms)[0m  [1m[35mCREATE TABLE "schema_migrations" ("version" varchar NOT NULL PRIMARY KEY)[0m
  ‚Ü≥ db/schema.rb:13
  [1m[35m (0.2ms)[0m  [1m[34mSELECT "schema_migrations"."version" FROM "schema_migrations" ORDER BY "schema_migrations"."version" ASC[0m
  ‚Ü≥ db/schema.rb:13
  [1m[35m (23.6ms)[0m  [1m[32mINSERT INTO "schema_migrations" (version) VALUES (20181018072832)[0m
  ‚Ü≥ db/schema.rb:13
  [1m[35m (23.6ms)[0m  [1m[32mINSERT INTO "schema_migrations" (version) VALUES
(20181018072142);

[0m
  ‚Ü≥ db/schema.rb:13
  [1m[35m (24.1ms)[0m  [1m[35mCREATE TABLE "ar_internal_metadata" ("key" varchar NOT NULL PRIMARY KEY, "value" varchar, "created_at" datetime NOT NULL, "updated_at" datetime NOT NULL)[0m
  ‚Ü≥ db/schema.rb:13
  [1m[36mActiveRecord::InternalMetadata Load (0.2ms)[0m  [1m[34mSELECT  "ar_internal_metadata".* FROM "ar_internal_metadata" WHERE "ar_internal_metadata"."key" = ? LIMIT ?[0m  [["key", "environment"], ["LIMIT", 1]]
  ‚Ü≥ db/schema.rb:13
  [1m[35m (0.1ms)[0m  [1m[36mbegin transaction[0m
  ‚Ü≥ db/schema.rb:13
  [1m[36mActiveRecord::InternalMetadata Create (3.2ms)[0m  [1m[32mINSERT INTO "ar_internal_metadata" ("key", "value", "created_at", "updated_at") VALUES (?, ?, ?, ?)[0m  [["key", "environment"], ["value", "development"], ["created_at", "2018-10-23 17:50:37.117525"], ["updated_at", "2018-10-23 17:50:37.117525"]]
  ‚Ü≥ db/schema.rb:13
  [1m[35m (18.8ms)[0m  [1m[36mcommit transaction[0m
  ‚Ü≥ db/schema.rb:13
  [1m[36mActiveRecord::InternalMetadata Load (0.2ms)[0m  [1m[34mSELECT  "ar_internal_metadata".* FROM "ar_internal_metadata" WHERE "ar_internal_metadata"."key" = ? LIMIT ?[0m  [["key", "environment"], ["LIMIT", 1]]
  ‚Ü≥ /home/nuts/.rbenv/versions/2.5.1/bin/rake:23
  [1m[35m (0.1ms)[0m  [1m[36mbegin transaction[0m
  ‚Ü≥ /home/nuts/.rbenv/versions/2.5.1/bin/rake:23
  [1m[35m (0.1ms)[0m  [1m[36mcommit transaction[0m
  ‚Ü≥ /home/nuts/.rbenv/versions/2.5.1/bin/rake:23
  [1m[35m (0.2ms)[0m  [1m[35mDROP TABLE IF EXISTS "qestions"[0m
  ‚Ü≥ db/schema.rb:15
  [1m[35m (0.1ms)[0m  [1m[34mSELECT sqlite_version(*)[0m
  ‚Ü≥ db/schema.rb:15
  [1m[35m (24.4ms)[0m  [1m[35mCREATE TABLE "qestions" ("id" integer PRIMARY KEY AUTOINCREMENT NOT NULL, "qestion" varchar, "yes" integer, "no" integer, "url_id" integer, "created_at" datetime NOT NULL, "updated_at" datetime NOT NULL)[0m
  ‚Ü≥ db/schema.rb:15
  [1m[35m (24.1ms)[0m  [1m[35mCREATE  INDEX "index_qestions_on_url_id" ON "qestions" ("url_id")[0m
  ‚Ü≥ db/schema.rb:15
  [1m[35m (0.4ms)[0m  [1m[35mDROP TABLE IF EXISTS "urls"[0m
  ‚Ü≥ db/schema.rb:25
  [1m[35m (29.0ms)[0m  [1m[35mCREATE TABLE "urls" ("id" integer PRIMARY KEY AUTOINCREMENT NOT NULL, "url" varchar, "created_at" datetime NOT NULL, "updated_at" datetime NOT NULL)[0m
  ‚Ü≥ db/schema.rb:25
  [1m[35m (31.0ms)[0m  [1m[35mCREATE TABLE "schema_migrations" ("version" varchar NOT NULL PRIMARY KEY)[0m
  ‚Ü≥ db/schema.rb:13
  [1m[35m (0.2ms)[0m  [1m[34mSELECT "schema_migrations"."version" FROM "schema_migrations" ORDER BY "schema_migrations"."version" ASC[0m
  ‚Ü≥ db/schema.rb:13
  [1m[35m (22.9ms)[0m  [1m[32mINSERT INTO "schema_migrations" (version) VALUES (20181018072832)[0m
  ‚Ü≥ db/schema.rb:13
  [1m[35m (23.0ms)[0m  [1m[32mINSERT INTO "schema_migrations" (version) VALUES
(20181018072142);

[0m
  ‚Ü≥ db/schema.rb:13
  [1m[35m (22.3ms)[0m  [1m[35mCREATE TABLE "ar_internal_metadata" ("key" varchar NOT NULL PRIMARY KEY, "value" varchar, "created_at" datetime NOT NULL, "updated_at" datetime NOT NULL)[0m
  ‚Ü≥ db/schema.rb:13
  [1m[36mActiveRecord::InternalMetadata Load (0.3ms)[0m  [1m[34mSELECT  "ar_internal_metadata".* FROM "ar_internal_metadata" WHERE "ar_internal_metadata"."key" = ? LIMIT ?[0m  [["key", "environment"], ["LIMIT", 1]]
  ‚Ü≥ db/schema.rb:13
  [1m[35m (0.1ms)[0m  [1m[36mbegin transaction[0m
  ‚Ü≥ db/schema.rb:13
  [1m[36mActiveRecord::InternalMetadata Create (3.2ms)[0m  [1m[32mINSERT INTO "ar_internal_metadata" ("key", "value", "created_at", "updated_at") VALUES (?, ?, ?, ?)[0m  [["key", "environment"], ["value", "development"], ["created_at", "2018-10-23 17:50:37.362160"], ["updated_at", "2018-10-23 17:50:37.362160"]]
  ‚Ü≥ db/schema.rb:13
  [1m[35m (21.8ms)[0m  [1m[36mcommit transaction[0m
  ‚Ü≥ db/schema.rb:13
  [1m[36mActiveRecord::InternalMetadata Load (0.1ms)[0m  [1m[34mSELECT  "ar_internal_metadata".* FROM "ar_internal_metadata" WHERE "ar_internal_metadata"."key" = ? LIMIT ?[0m  [["key", "environment"], ["LIMIT", 1]]
  ‚Ü≥ /home/nuts/.rbenv/versions/2.5.1/bin/rake:23
  [1m[35m (0.0ms)[0m  [1m[36mbegin transaction[0m
  ‚Ü≥ /home/nuts/.rbenv/versions/2.5.1/bin/rake:23
  [1m[36mActiveRecord::InternalMetadata Update (3.0ms)[0m  [1m[33mUPDATE "ar_internal_metadata" SET "value" = ?, "updated_at" = ? WHERE "ar_internal_metadata"."key" = ?[0m  [["value", "test"], ["updated_at", "2018-10-23 17:50:37.392241"], ["key", "environment"]]
  ‚Ü≥ /home/nuts/.rbenv/versions/2.5.1/bin/rake:23
  [1m[35m (19.9ms)[0m  [1m[36mcommit transaction[0m
  ‚Ü≥ /home/nuts/.rbenv/versions/2.5.1/bin/rake:23
  [1m[35m (0.2ms)[0m  [1m[34mSELECT "schema_migrations"."version" FROM "schema_migrations" ORDER BY "schema_migrations"."version" ASC[0m
  ‚Ü≥ /home/nuts/.rbenv/versions/2.5.1/bin/rake:23
  [1m[35m (0.1ms)[0m  [1m[36mbegin transaction[0m
  ‚Ü≥ db/seeds.rb:9
  [1m[36mUrl Exists (0.2ms)[0m  [1m[34mSELECT  1 AS one FROM "urls" WHERE "urls"."url" = ? LIMIT ?[0m  [["url", "0"], ["LIMIT", 1]]
  ‚Ü≥ db/seeds.rb:9
  [1m[36mUrl Create (3.1ms)[0m  [1m[32mINSERT INTO "urls" ("url", "created_at", "updated_at") VALUES (?, ?, ?)[0m  [["url", "0"], ["created_at", "2018-10-23 17:50:37.456304"], ["updated_at", "2018-10-23 17:50:37.456304"]]
  ‚Ü≥ db/seeds.rb:9
  [1m[35m (19.4ms)[0m  [1m[36mcommit transaction[0m
  ‚Ü≥ db/seeds.rb:9
  [1m[35m (0.1ms)[0m  [1m[36mbegin transaction[0m
  ‚Ü≥ db/seeds.rb:9
  [1m[36mUrl Exists (0.2ms)[0m  [1m[34mSELECT  1 AS one FROM "urls" WHERE "urls"."url" = ? LIMIT ?[0m  [["url", "1"], ["LIMIT", 1]]
  ‚Ü≥ db/seeds.rb:9
  [1m[36mUrl Create (3.0ms)[0m  [1m[32mINSERT INTO "urls" ("url", "created_at", "updated_at") VALUES (?, ?, ?)[0m  [["url", "1"], ["created_at", "2018-10-23 17:50:37.483064"], ["updated_at", "2018-10-23 17:50:37.483064"]]
  ‚Ü≥ db/seeds.rb:9
  [1m[35m (19.4ms)[0m  [1m[36mcommit transaction[0m
  ‚Ü≥ db/seeds.rb:9
  [1m[35m (0.1ms)[0m  [1m[36mbegin transaction[0m
  ‚Ü≥ db/seeds.rb:9
  [1m[36mUrl Exists (0.3ms)[0m  [1m[34mSELECT  1 AS one FROM "urls" WHERE "urls"."url" = ? LIMIT ?[0m  [["url", "2"], ["LIMIT", 1]]
  ‚Ü≥ db/seeds.rb:9
  [1m[36mUrl Create (3.2ms)[0m  [1m[32mINSERT INTO "urls" ("url", "created_at", "updated_at") VALUES (?, ?, ?)[0m  [["url", "2"], ["created_at", "2018-10-23 17:50:37.509824"], ["updated_at", "2018-10-23 17:50:37.509824"]]
  ‚Ü≥ db/seeds.rb:9
  [1m[35m (18.1ms)[0m  [1m[36mcommit transaction[0m
  ‚Ü≥ db/seeds.rb:9
  [1m[35m (0.1ms)[0m  [1m[36mbegin transaction[0m
  ‚Ü≥ db/seeds.rb:9
  [1m[36mUrl Exists (0.2ms)[0m  [1m[34mSELECT  1 AS one FROM "urls" WHERE "urls"."url" = ? LIMIT ?[0m  [["url", "3"], ["LIMIT", 1]]
  ‚Ü≥ db/seeds.rb:9
  [1m[36mUrl Create (3.2ms)[0m  [1m[32mINSERT INTO "urls" ("url", "created_at", "updated_at") VALUES (?, ?, ?)[0m  [["url", "3"], ["created_at", "2018-10-23 17:50:37.535262"], ["updated_at", "2018-10-23 17:50:37.535262"]]
  ‚Ü≥ db/seeds.rb:9
  [1m[35m (17.9ms)[0m  [1m[36mcommit transaction[0m
  ‚Ü≥ db/seeds.rb:9
  [1m[35m (0.1ms)[0m  [1m[36mbegin transaction[0m
  ‚Ü≥ db/seeds.rb:9
  [1m[36mUrl Exists (0.2ms)[0m  [1m[34mSELECT  1 AS one FROM "urls" WHERE "urls"."url" = ? LIMIT ?[0m  [["url", "4"], ["LIMIT", 1]]
  ‚Ü≥ db/seeds.rb:9
  [1m[36mUrl Create (3.1ms)[0m  [1m[32mINSERT INTO "urls" ("url", "created_at", "updated_at") VALUES (?, ?, ?)[0m  [["url", "4"], ["created_at", "2018-10-23 17:50:37.560266"], ["updated_at", "2018-10-23 17:50:37.560266"]]
  ‚Ü≥ db/seeds.rb:9
  [1m[35m (17.9ms)[0m  [1m[36mcommit transaction[0m
  ‚Ü≥ db/seeds.rb:9
  [1m[35m (0.1ms)[0m  [1m[36mbegin transaction[0m
  ‚Ü≥ db/seeds.rb:9
  [1m[36mUrl Exists (0.2ms)[0m  [1m[34mSELECT  1 AS one FROM "urls" WHERE "urls"."url" = ? LIMIT ?[0m  [["url", "5"], ["LIMIT", 1]]
  ‚Ü≥ db/seeds.rb:9
  [1m[36mUrl Create (3.0ms)[0m  [1m[32mINSERT INTO "urls" ("url", "created_at", "updated_at") VALUES (?, ?, ?)[0m  [["url", "5"], ["created_at", "2018-10-23 17:50:37.585256"], ["updated_at", "2018-10-23 17:50:37.585256"]]
  ‚Ü≥ db/seeds.rb:9
  [1m[35m (18.2ms)[0m  [1m[36mcommit transaction[0m
  ‚Ü≥ db/seeds.rb:9
  [1m[35m (0.1ms)[0m  [1m[36mbegin transaction[0m
  ‚Ü≥ db/seeds.rb:9
  [1m[36mUrl Exists (0.3ms)[0m  [1m[34mSELECT  1 AS one FROM "urls" WHERE "urls"."url" = ? LIMIT ?[0m  [["url", "6"], ["LIMIT", 1]]
  ‚Ü≥ db/seeds.rb:9
  [1m[36mUrl Create (3.3ms)[0m  [1m[32mINSERT INTO "urls" ("url", "created_at", "updated_at") VALUES (?, ?, ?)[0m  [["url", "6"], ["created_at", "2018-10-23 17:50:37.611196"], ["updated_at", "2018-10-23 17:50:37.611196"]]
  ‚Ü≥ db/seeds.rb:9
  [1m[35m (19.0ms)[0m  [1m[36mcommit transaction[0m
  ‚Ü≥ db/seeds.rb:9
  [1m[35m (0.1ms)[0m  [1m[36mbegin transaction[0m
  ‚Ü≥ db/seeds.rb:9
  [1m[36mUrl Exists (0.2ms)[0m  [1m[34mSELECT  1 AS one FROM "urls" WHERE "urls"."url" = ? LIMIT ?[0m  [["url", "7"], ["LIMIT", 1]]
  ‚Ü≥ db/seeds.rb:9
  [1m[36mUrl Create (3.1ms)[0m  [1m[32mINSERT INTO "urls" ("url", "created_at", "updated_at") VALUES (?, ?, ?)[0m  [["url", "7"], ["created_at", "2018-10-23 17:50:37.637593"], ["updated_at", "2018-10-23 17:50:37.637593"]]
  ‚Ü≥ db/seeds.rb:9
  [1m[35m (18.4ms)[0m  [1m[36mcommit transaction[0m
  ‚Ü≥ db/seeds.rb:9
  [1m[35m (0.1ms)[0m  [1m[36mbegin transaction[0m
  ‚Ü≥ db/seeds.rb:9
  [1m[36mUrl Exists (0.2ms)[0m  [1m[34mSELECT  1 AS one FROM "urls" WHERE "urls"."url" = ? LIMIT ?[0m  [["url", "8"], ["LIMIT", 1]]
  ‚Ü≥ db/seeds.rb:9
  [1m[36mUrl Create (3.0ms)[0m  [1m[32mINSERT INTO "urls" ("url", "created_at", "updated_at") VALUES (?, ?, ?)[0m  [["url", "8"], ["created_at", "2018-10-23 17:50:37.663219"], ["updated_at", "2018-10-23 17:50:37.663219"]]
  ‚Ü≥ db/seeds.rb:9
  [1m[35m (17.3ms)[0m  [1m[36mcommit transaction[0m
  ‚Ü≥ db/seeds.rb:9
  [1m[35m (0.1ms)[0m  [1m[36mbegin transaction[0m
  ‚Ü≥ db/seeds.rb:9
  [1m[36mUrl Exists (0.3ms)[0m  [1m[34mSELECT  1 AS one FROM "urls" WHERE "urls"."url" = ? LIMIT ?[0m  [["url", "9"], ["LIMIT", 1]]
  ‚Ü≥ db/seeds.rb:9
  [1m[36mUrl Create (3.1ms)[0m  [1m[32mINSERT INTO "urls" ("url", "created_at", "updated_at") VALUES (?, ?, ?)[0m  [["url", "9"], ["created_at", "2018-10-23 17:50:37.687264"], ["updated_at", "2018-10-23 17:50:37.687264"]]
  ‚Ü≥ db/seeds.rb:9
  [1m[35m (18.6ms)[0m  [1m[36mcommit transaction[0m
  ‚Ü≥ db/seeds.rb:9
Started GET "/" for 127.0.0.1 at 2018-10-24 02:50:46 +0900
Processing by TopController#index as HTML
  Rendering top/index.html.erb within layouts/application
  Rendered top/index.html.erb within layouts/application (1.3ms)
Completed 200 OK in 145ms (Views: 141.2ms | ActiveRecord: 0.0ms)


Started GET "/style.css" for 127.0.0.1 at 2018-10-24 02:50:47 +0900
  
ActionController::RoutingError (No route matches [GET] "/style.css"):
  
actionpack (5.2.1) lib/action_dispatch/middleware/debug_exceptions.rb:65:in `call'
web-console (3.7.0) lib/web_console/middleware.rb:135:in `call_app'
web-console (3.7.0) lib/web_console/middleware.rb:30:in `block in call'
web-console (3.7.0) lib/web_console/middleware.rb:20:in `catch'
web-console (3.7.0) lib/web_console/middleware.rb:20:in `call'
actionpack (5.2.1) lib/action_dispatch/middleware/show_exceptions.rb:33:in `call'
railties (5.2.1) lib/rails/rack/logger.rb:38:in `call_app'
railties (5.2.1) lib/rails/rack/logger.rb:26:in `block in call'
activesupport (5.2.1) lib/active_support/tagged_logging.rb:71:in `block in tagged'
activesupport (5.2.1) lib/active_support/tagged_logging.rb:28:in `tagged'
activesupport (5.2.1) lib/active_support/tagged_logging.rb:71:in `tagged'
railties (5.2.1) lib/rails/rack/logger.rb:26:in `call'
sprockets-rails (3.2.1) lib/sprockets/rails/quiet_assets.rb:13:in `call'
actionpack (5.2.1) lib/action_dispatch/middleware/remote_ip.rb:81:in `call'
actionpack (5.2.1) lib/action_dispatch/middleware/request_id.rb:27:in `call'
rack (2.0.5) lib/rack/method_override.rb:22:in `call'
rack (2.0.5) lib/rack/runtime.rb:22:in `call'
activesupport (5.2.1) lib/active_support/cache/strategy/local_cache_middleware.rb:29:in `call'
actionpack (5.2.1) lib/action_dispatch/middleware/executor.rb:14:in `call'
actionpack (5.2.1) lib/action_dispatch/middleware/static.rb:127:in `call'
rack (2.0.5) lib/rack/sendfile.rb:111:in `call'
railties (5.2.1) lib/rails/engine.rb:524:in `call'
puma (3.12.0) lib/puma/configuration.rb:225:in `call'
puma (3.12.0) lib/puma/server.rb:658:in `handle_request'
puma (3.12.0) lib/puma/server.rb:472:in `process_client'
puma (3.12.0) lib/puma/server.rb:332:in `block in run'
puma (3.12.0) lib/puma/thread_pool.rb:133:in `block in spawn_thread'
Started GET "/" for 127.0.0.1 at 2018-10-24 02:50:59 +0900
Processing by TopController#index as HTML
  Rendering top/index.html.erb within layouts/application
  Rendered top/index.html.erb within layouts/application (1.1ms)
Completed 200 OK in 169ms (Views: 166.2ms | ActiveRecord: 0.0ms)


Started GET "/style.css" for 127.0.0.1 at 2018-10-24 02:51:00 +0900
  
ActionController::RoutingError (No route matches [GET] "/style.css"):
  
actionpack (5.2.1) lib/action_dispatch/middleware/debug_exceptions.rb:65:in `call'
web-console (3.7.0) lib/web_console/middleware.rb:135:in `call_app'
web-console (3.7.0) lib/web_console/middleware.rb:30:in `block in call'
web-console (3.7.0) lib/web_console/middleware.rb:20:in `catch'
web-console (3.7.0) lib/web_console/middleware.rb:20:in `call'
actionpack (5.2.1) lib/action_dispatch/middleware/show_exceptions.rb:33:in `call'
railties (5.2.1) lib/rails/rack/logger.rb:38:in `call_app'
railties (5.2.1) lib/rails/rack/logger.rb:26:in `block in call'
activesupport (5.2.1) lib/active_support/tagged_logging.rb:71:in `block in tagged'
activesupport (5.2.1) lib/active_support/tagged_logging.rb:28:in `tagged'
activesupport (5.2.1) lib/active_support/tagged_logging.rb:71:in `tagged'
railties (5.2.1) lib/rails/rack/logger.rb:26:in `call'
sprockets-rails (3.2.1) lib/sprockets/rails/quiet_assets.rb:13:in `call'
actionpack (5.2.1) lib/action_dispatch/middleware/remote_ip.rb:81:in `call'
actionpack (5.2.1) lib/action_dispatch/middleware/request_id.rb:27:in `call'
rack (2.0.5) lib/rack/method_override.rb:22:in `call'
rack (2.0.5) lib/rack/runtime.rb:22:in `call'
activesupport (5.2.1) lib/active_support/cache/strategy/local_cache_middleware.rb:29:in `call'
actionpack (5.2.1) lib/action_dispatch/middleware/executor.rb:14:in `call'
actionpack (5.2.1) lib/action_dispatch/middleware/static.rb:127:in `call'
rack (2.0.5) lib/rack/sendfile.rb:111:in `call'
railties (5.2.1) lib/rails/engine.rb:524:in `call'
puma (3.12.0) lib/puma/configuration.rb:225:in `call'
puma (3.12.0) lib/puma/server.rb:658:in `handle_request'
puma (3.12.0) lib/puma/server.rb:472:in `process_client'
puma (3.12.0) lib/puma/server.rb:332:in `block in run'
puma (3.12.0) lib/puma/thread_pool.rb:133:in `block in spawn_thread'
Started GET "/urls?utf8=%E2%9C%93&search=0" for 127.0.0.1 at 2018-10-24 02:51:04 +0900
Processing by UrlsController#index as HTML
  Parameters: {"utf8"=>"‚úì", "search"=>"0"}
  [1m[36mUrl Load (0.6ms)[0m  [1m[34mSELECT "urls".* FROM "urls" WHERE (url = '0')[0m
  ‚Ü≥ app/controllers/urls_controller.rb:4
  Rendering urls/index.html.erb within layouts/application
  Rendered urls/index.html.erb within layouts/application (0.4ms)
Completed 200 OK in 189ms (Views: 155.4ms | ActiveRecord: 1.9ms)


Started GET "/urls?utf8=%E2%9C%93&search=0" for 127.0.0.1 at 2018-10-24 02:51:22 +0900
Processing by UrlsController#index as HTML
  Parameters: {"utf8"=>"‚úì", "search"=>"0"}
  [1m[36mUrl Load (0.3ms)[0m  [1m[34mSELECT "urls".* FROM "urls" WHERE (url = '0')[0m
  ‚Ü≥ app/controllers/urls_controller.rb:4
  Rendering urls/index.html.erb within layouts/application
  Rendered urls/index.html.erb within layouts/application (0.5ms)
Completed 200 OK in 160ms (Views: 155.5ms | ActiveRecord: 0.3ms)


Started GET "/users/sign_in" for 127.0.0.1 at 2018-10-24 02:52:01 +0900
  
ActionController::RoutingError (No route matches [GET] "/users/sign_in"):
  
actionpack (5.2.1) lib/action_dispatch/middleware/debug_exceptions.rb:65:in `call'
web-console (3.7.0) lib/web_console/middleware.rb:135:in `call_app'
web-console (3.7.0) lib/web_console/middleware.rb:30:in `block in call'
web-console (3.7.0) lib/web_console/middleware.rb:20:in `catch'
web-console (3.7.0) lib/web_console/middleware.rb:20:in `call'
actionpack (5.2.1) lib/action_dispatch/middleware/show_exceptions.rb:33:in `call'
railties (5.2.1) lib/rails/rack/logger.rb:38:in `call_app'
railties (5.2.1) lib/rails/rack/logger.rb:26:in `block in call'
activesupport (5.2.1) lib/active_support/tagged_logging.rb:71:in `block in tagged'
activesupport (5.2.1) lib/active_support/tagged_logging.rb:28:in `tagged'
activesupport (5.2.1) lib/active_support/tagged_logging.rb:71:in `tagged'
railties (5.2.1) lib/rails/rack/logger.rb:26:in `call'
sprockets-rails (3.2.1) lib/sprockets/rails/quiet_assets.rb:13:in `call'
actionpack (5.2.1) lib/action_dispatch/middleware/remote_ip.rb:81:in `call'
actionpack (5.2.1) lib/action_dispatch/middleware/request_id.rb:27:in `call'
rack (2.0.5) lib/rack/method_override.rb:22:in `call'
rack (2.0.5) lib/rack/runtime.rb:22:in `call'
activesupport (5.2.1) lib/active_support/cache/strategy/local_cache_middleware.rb:29:in `call'
actionpack (5.2.1) lib/action_dispatch/middleware/executor.rb:14:in `call'
actionpack (5.2.1) lib/action_dispatch/middleware/static.rb:127:in `call'
rack (2.0.5) lib/rack/sendfile.rb:111:in `call'
railties (5.2.1) lib/rails/engine.rb:524:in `call'
puma (3.12.0) lib/puma/configuration.rb:225:in `call'
puma (3.12.0) lib/puma/server.rb:658:in `handle_request'
puma (3.12.0) lib/puma/server.rb:472:in `process_client'
puma (3.12.0) lib/puma/server.rb:332:in `block in run'
puma (3.12.0) lib/puma/thread_pool.rb:133:in `block in spawn_thread'
